{"C:\\Users\\nuahry\\Desktop\\Softwaretesting_robotproject\\js\\add.js": {"path":"C:\\Users\\nuahry\\Desktop\\Softwaretesting_robotproject\\js\\add.js","statementMap":{"0":{"start":{"line":16,"column":12},"end":{"line":16,"column":71}},"1":{"start":{"line":16,"column":52},"end":{"line":16,"column":67}}},"fnMap":{"0":{"name":"(anonymous_0)","decl":{"start":{"line":16,"column":32},"end":{"line":16,"column":33}},"loc":{"start":{"line":16,"column":52},"end":{"line":16,"column":67}},"line":16}},"branchMap":{},"s":{"0":1,"1":1},"f":{"0":1},"b":{},"_coverageSchema":"1a1c01bbd47fc00a2c39e90264f33305004495a9","hash":"95cfdf99f8aa1e57b5e82d468f42f52ceee56558"}
,"C:\\Users\\nuahry\\Desktop\\Softwaretesting_robotproject\\js\\camelCase.js": {"path":"C:\\Users\\nuahry\\Desktop\\Softwaretesting_robotproject\\js\\camelCase.js","statementMap":{"0":{"start":{"line":24,"column":18},"end":{"line":29,"column":1}},"1":{"start":{"line":25,"column":2},"end":{"line":28,"column":9}},"2":{"start":{"line":26,"column":4},"end":{"line":26,"column":29}},"3":{"start":{"line":27,"column":4},"end":{"line":27,"column":53}}},"fnMap":{"0":{"name":"(anonymous_0)","decl":{"start":{"line":24,"column":18},"end":{"line":24,"column":19}},"loc":{"start":{"line":25,"column":2},"end":{"line":28,"column":9}},"line":25},"1":{"name":"(anonymous_1)","decl":{"start":{"line":25,"column":59},"end":{"line":25,"column":60}},"loc":{"start":{"line":25,"column":84},"end":{"line":28,"column":3}},"line":25}},"branchMap":{"0":{"loc":{"start":{"line":27,"column":21},"end":{"line":27,"column":52}},"type":"cond-expr","locations":[{"start":{"line":27,"column":29},"end":{"line":27,"column":45}},{"start":{"line":27,"column":48},"end":{"line":27,"column":52}}],"line":27}},"s":{"0":1,"1":1,"2":2,"3":2},"f":{"0":1,"1":2},"b":{"0":[1,1]},"_coverageSchema":"1a1c01bbd47fc00a2c39e90264f33305004495a9","hash":"5ceff2952316e14422aaae2d4499e3e781d654e0"}
,"C:\\Users\\nuahry\\Desktop\\Softwaretesting_robotproject\\js\\capitalize.js": {"path":"C:\\Users\\nuahry\\Desktop\\Softwaretesting_robotproject\\js\\capitalize.js","statementMap":{"0":{"start":{"line":17,"column":19},"end":{"line":17,"column":73}},"1":{"start":{"line":17,"column":31},"end":{"line":17,"column":73}}},"fnMap":{"0":{"name":"(anonymous_0)","decl":{"start":{"line":17,"column":19},"end":{"line":17,"column":20}},"loc":{"start":{"line":17,"column":31},"end":{"line":17,"column":73}},"line":17}},"branchMap":{},"s":{"0":1,"1":1},"f":{"0":1},"b":{},"_coverageSchema":"1a1c01bbd47fc00a2c39e90264f33305004495a9","hash":"8ef89880cfad87543498ca70d38703dfed139f26"}
,"C:\\Users\\nuahry\\Desktop\\Softwaretesting_robotproject\\js\\ceil.js": {"path":"C:\\Users\\nuahry\\Desktop\\Softwaretesting_robotproject\\js\\ceil.js","statementMap":{"0":{"start":{"line":22,"column":13},"end":{"line":22,"column":32}}},"fnMap":{},"branchMap":{},"s":{"0":1},"f":{},"b":{},"_coverageSchema":"1a1c01bbd47fc00a2c39e90264f33305004495a9","hash":"11d35009ca9efc576cc00fd1540c3836a8ff3662"}
,"C:\\Users\\nuahry\\Desktop\\Softwaretesting_robotproject\\js\\chunk.js": {"path":"C:\\Users\\nuahry\\Desktop\\Softwaretesting_robotproject\\js\\chunk.js","statementMap":{"0":{"start":{"line":23,"column":2},"end":{"line":23,"column":37}},"1":{"start":{"line":24,"column":17},"end":{"line":24,"column":49}},"2":{"start":{"line":25,"column":2},"end":{"line":27,"column":3}},"3":{"start":{"line":26,"column":4},"end":{"line":26,"column":13}},"4":{"start":{"line":28,"column":14},"end":{"line":28,"column":15}},"5":{"start":{"line":29,"column":17},"end":{"line":29,"column":18}},"6":{"start":{"line":30,"column":17},"end":{"line":30,"column":52}},"7":{"start":{"line":32,"column":2},"end":{"line":34,"column":3}},"8":{"start":{"line":33,"column":4},"end":{"line":33,"column":59}},"9":{"start":{"line":35,"column":2},"end":{"line":35,"column":15}}},"fnMap":{"0":{"name":"chunk","decl":{"start":{"line":22,"column":9},"end":{"line":22,"column":14}},"loc":{"start":{"line":22,"column":32},"end":{"line":36,"column":1}},"line":22}},"branchMap":{"0":{"loc":{"start":{"line":22,"column":22},"end":{"line":22,"column":30}},"type":"default-arg","locations":[{"start":{"line":22,"column":29},"end":{"line":22,"column":30}}],"line":22},"1":{"loc":{"start":{"line":24,"column":17},"end":{"line":24,"column":49}},"type":"cond-expr","locations":[{"start":{"line":24,"column":33},"end":{"line":24,"column":34}},{"start":{"line":24,"column":37},"end":{"line":24,"column":49}}],"line":24},"2":{"loc":{"start":{"line":25,"column":2},"end":{"line":27,"column":3}},"type":"if","locations":[{"start":{"line":25,"column":2},"end":{"line":27,"column":3}},{"start":{},"end":{}}],"line":25},"3":{"loc":{"start":{"line":25,"column":6},"end":{"line":25,"column":25}},"type":"binary-expr","locations":[{"start":{"line":25,"column":6},"end":{"line":25,"column":13}},{"start":{"line":25,"column":17},"end":{"line":25,"column":25}}],"line":25}},"s":{"0":1,"1":1,"2":1,"3":0,"4":1,"5":1,"6":1,"7":1,"8":2,"9":1},"f":{"0":1},"b":{"0":[0],"1":[0,1],"2":[0,1],"3":[1,1]},"_coverageSchema":"1a1c01bbd47fc00a2c39e90264f33305004495a9","hash":"4455e3b7b776b288d19dfd0e92e1787109e04492"}
,"C:\\Users\\nuahry\\Desktop\\Softwaretesting_robotproject\\js\\difference.js": {"path":"C:\\Users\\nuahry\\Desktop\\Softwaretesting_robotproject\\js\\difference.js","statementMap":{"0":{"start":{"line":25,"column":2},"end":{"line":27,"column":8}}},"fnMap":{"0":{"name":"difference","decl":{"start":{"line":24,"column":9},"end":{"line":24,"column":19}},"loc":{"start":{"line":24,"column":38},"end":{"line":28,"column":1}},"line":24}},"branchMap":{"0":{"loc":{"start":{"line":25,"column":9},"end":{"line":27,"column":8}},"type":"cond-expr","locations":[{"start":{"line":26,"column":6},"end":{"line":26,"column":76}},{"start":{"line":27,"column":6},"end":{"line":27,"column":8}}],"line":25}},"s":{"0":1},"f":{"0":1},"b":{"0":[1,0]},"_coverageSchema":"1a1c01bbd47fc00a2c39e90264f33305004495a9","hash":"bc17ba55b220bb6c10353a4e60e8d7375e097d36"}
,"C:\\Users\\nuahry\\Desktop\\Softwaretesting_robotproject\\js\\divide.js": {"path":"C:\\Users\\nuahry\\Desktop\\Softwaretesting_robotproject\\js\\divide.js","statementMap":{"0":{"start":{"line":16,"column":15},"end":{"line":16,"column":79}},"1":{"start":{"line":16,"column":58},"end":{"line":16,"column":75}}},"fnMap":{"0":{"name":"(anonymous_0)","decl":{"start":{"line":16,"column":35},"end":{"line":16,"column":36}},"loc":{"start":{"line":16,"column":58},"end":{"line":16,"column":75}},"line":16}},"branchMap":{},"s":{"0":1,"1":1},"f":{"0":1},"b":{},"_coverageSchema":"1a1c01bbd47fc00a2c39e90264f33305004495a9","hash":"7752f7b66cb76e4d941777b8f5fdb219e6080887"}
,"C:\\Users\\nuahry\\Desktop\\Softwaretesting_robotproject\\js\\drop.js": {"path":"C:\\Users\\nuahry\\Desktop\\Softwaretesting_robotproject\\js\\drop.js","statementMap":{"0":{"start":{"line":27,"column":17},"end":{"line":27,"column":49}},"1":{"start":{"line":28,"column":2},"end":{"line":30,"column":8}}},"fnMap":{"0":{"name":"drop","decl":{"start":{"line":26,"column":9},"end":{"line":26,"column":13}},"loc":{"start":{"line":26,"column":26},"end":{"line":31,"column":1}},"line":26}},"branchMap":{"0":{"loc":{"start":{"line":26,"column":21},"end":{"line":26,"column":24}},"type":"default-arg","locations":[{"start":{"line":26,"column":23},"end":{"line":26,"column":24}}],"line":26},"1":{"loc":{"start":{"line":27,"column":17},"end":{"line":27,"column":49}},"type":"cond-expr","locations":[{"start":{"line":27,"column":33},"end":{"line":27,"column":34}},{"start":{"line":27,"column":37},"end":{"line":27,"column":49}}],"line":27},"2":{"loc":{"start":{"line":28,"column":9},"end":{"line":30,"column":8}},"type":"cond-expr","locations":[{"start":{"line":29,"column":6},"end":{"line":29,"column":52}},{"start":{"line":30,"column":6},"end":{"line":30,"column":8}}],"line":28},"3":{"loc":{"start":{"line":29,"column":19},"end":{"line":29,"column":43}},"type":"cond-expr","locations":[{"start":{"line":29,"column":27},"end":{"line":29,"column":28}},{"start":{"line":29,"column":31},"end":{"line":29,"column":43}}],"line":29}},"s":{"0":1,"1":1},"f":{"0":1},"b":{"0":[1],"1":[0,1],"2":[1,0],"3":[0,1]},"_coverageSchema":"1a1c01bbd47fc00a2c39e90264f33305004495a9","hash":"d34c4c174da103c51a2a461b039600cdea032d0d"}
,"C:\\Users\\nuahry\\Desktop\\Softwaretesting_robotproject\\js\\endsWith.js": {"path":"C:\\Users\\nuahry\\Desktop\\Softwaretesting_robotproject\\js\\endsWith.js","statementMap":{"0":{"start":{"line":24,"column":21},"end":{"line":24,"column":27}},"1":{"start":{"line":25,"column":2},"end":{"line":25,"column":56}},"2":{"start":{"line":26,"column":2},"end":{"line":31,"column":3}},"3":{"start":{"line":27,"column":4},"end":{"line":27,"column":16}},"4":{"start":{"line":29,"column":7},"end":{"line":31,"column":3}},"5":{"start":{"line":30,"column":4},"end":{"line":30,"column":21}},"6":{"start":{"line":32,"column":14},"end":{"line":32,"column":22}},"7":{"start":{"line":33,"column":2},"end":{"line":33,"column":27}},"8":{"start":{"line":34,"column":2},"end":{"line":34,"column":63}}},"fnMap":{"0":{"name":"endsWith","decl":{"start":{"line":23,"column":9},"end":{"line":23,"column":17}},"loc":{"start":{"line":23,"column":44},"end":{"line":35,"column":1}},"line":23}},"branchMap":{"0":{"loc":{"start":{"line":25,"column":13},"end":{"line":25,"column":56}},"type":"cond-expr","locations":[{"start":{"line":25,"column":38},"end":{"line":25,"column":44}},{"start":{"line":25,"column":47},"end":{"line":25,"column":56}}],"line":25},"1":{"loc":{"start":{"line":26,"column":2},"end":{"line":31,"column":3}},"type":"if","locations":[{"start":{"line":26,"column":2},"end":{"line":31,"column":3}},{"start":{"line":29,"column":7},"end":{"line":31,"column":3}}],"line":26},"2":{"loc":{"start":{"line":26,"column":6},"end":{"line":26,"column":42}},"type":"binary-expr","locations":[{"start":{"line":26,"column":6},"end":{"line":26,"column":18}},{"start":{"line":26,"column":22},"end":{"line":26,"column":42}}],"line":26},"3":{"loc":{"start":{"line":29,"column":7},"end":{"line":31,"column":3}},"type":"if","locations":[{"start":{"line":29,"column":7},"end":{"line":31,"column":3}},{"start":{},"end":{}}],"line":29},"4":{"loc":{"start":{"line":34,"column":9},"end":{"line":34,"column":63}},"type":"binary-expr","locations":[{"start":{"line":34,"column":9},"end":{"line":34,"column":22}},{"start":{"line":34,"column":26},"end":{"line":34,"column":63}}],"line":34}},"s":{"0":1,"1":1,"2":1,"3":0,"4":1,"5":0,"6":1,"7":1,"8":1},"f":{"0":1},"b":{"0":[1,0],"1":[0,1],"2":[1,1],"3":[0,1],"4":[1,1]},"_coverageSchema":"1a1c01bbd47fc00a2c39e90264f33305004495a9","hash":"2dab0d11e9ad7897d6163592391bd637ca231a8a"}
,"C:\\Users\\nuahry\\Desktop\\Softwaretesting_robotproject\\js\\isArguments.js": {"path":"C:\\Users\\nuahry\\Desktop\\Softwaretesting_robotproject\\js\\isArguments.js","statementMap":{"0":{"start":{"line":20,"column":2},"end":{"line":20,"column":69}}},"fnMap":{"0":{"name":"isArguments","decl":{"start":{"line":19,"column":9},"end":{"line":19,"column":20}},"loc":{"start":{"line":19,"column":28},"end":{"line":21,"column":1}},"line":19}},"branchMap":{"0":{"loc":{"start":{"line":20,"column":9},"end":{"line":20,"column":69}},"type":"binary-expr","locations":[{"start":{"line":20,"column":9},"end":{"line":20,"column":28}},{"start":{"line":20,"column":32},"end":{"line":20,"column":69}}],"line":20}},"s":{"0":0},"f":{"0":0},"b":{"0":[0,0]},"_coverageSchema":"1a1c01bbd47fc00a2c39e90264f33305004495a9","hash":"f8955cd4aca7f3fea88cc0c55a2251d48bbe2e80"}
,"C:\\Users\\nuahry\\Desktop\\Softwaretesting_robotproject\\js\\isArrayLike.js": {"path":"C:\\Users\\nuahry\\Desktop\\Softwaretesting_robotproject\\js\\isArrayLike.js","statementMap":{"0":{"start":{"line":27,"column":2},"end":{"line":27,"column":79}}},"fnMap":{"0":{"name":"isArrayLike","decl":{"start":{"line":26,"column":9},"end":{"line":26,"column":20}},"loc":{"start":{"line":26,"column":28},"end":{"line":28,"column":1}},"line":26}},"branchMap":{"0":{"loc":{"start":{"line":27,"column":9},"end":{"line":27,"column":79}},"type":"binary-expr","locations":[{"start":{"line":27,"column":9},"end":{"line":27,"column":22}},{"start":{"line":27,"column":26},"end":{"line":27,"column":53}},{"start":{"line":27,"column":57},"end":{"line":27,"column":79}}],"line":27}},"s":{"0":2},"f":{"0":2},"b":{"0":[2,2,2]},"_coverageSchema":"1a1c01bbd47fc00a2c39e90264f33305004495a9","hash":"78bd84bb0e81556e25e361ae070cd93192a7d39e"}
,"C:\\Users\\nuahry\\Desktop\\Softwaretesting_robotproject\\js\\isArrayLikeObject.js": {"path":"C:\\Users\\nuahry\\Desktop\\Softwaretesting_robotproject\\js\\isArrayLikeObject.js","statementMap":{"0":{"start":{"line":28,"column":2},"end":{"line":28,"column":50}}},"fnMap":{"0":{"name":"isArrayLikeObject","decl":{"start":{"line":27,"column":9},"end":{"line":27,"column":26}},"loc":{"start":{"line":27,"column":34},"end":{"line":29,"column":1}},"line":27}},"branchMap":{"0":{"loc":{"start":{"line":28,"column":9},"end":{"line":28,"column":50}},"type":"binary-expr","locations":[{"start":{"line":28,"column":9},"end":{"line":28,"column":28}},{"start":{"line":28,"column":32},"end":{"line":28,"column":50}}],"line":28}},"s":{"0":2},"f":{"0":2},"b":{"0":[2,2]},"_coverageSchema":"1a1c01bbd47fc00a2c39e90264f33305004495a9","hash":"e9e3e1d953cf74600fc334981ce5e4b9aeca0bcf"}
,"C:\\Users\\nuahry\\Desktop\\Softwaretesting_robotproject\\js\\isDate.js": {"path":"C:\\Users\\nuahry\\Desktop\\Softwaretesting_robotproject\\js\\isDate.js","statementMap":{"0":{"start":{"line":6,"column":19},"end":{"line":6,"column":48}},"1":{"start":{"line":23,"column":15},"end":{"line":25,"column":70}},"2":{"start":{"line":24,"column":15},"end":{"line":24,"column":32}},"3":{"start":{"line":25,"column":15},"end":{"line":25,"column":70}}},"fnMap":{"0":{"name":"(anonymous_0)","decl":{"start":{"line":24,"column":4},"end":{"line":24,"column":5}},"loc":{"start":{"line":24,"column":15},"end":{"line":24,"column":32}},"line":24},"1":{"name":"(anonymous_1)","decl":{"start":{"line":25,"column":4},"end":{"line":25,"column":5}},"loc":{"start":{"line":25,"column":15},"end":{"line":25,"column":70}},"line":25}},"branchMap":{"0":{"loc":{"start":{"line":6,"column":19},"end":{"line":6,"column":48}},"type":"binary-expr","locations":[{"start":{"line":6,"column":19},"end":{"line":6,"column":28}},{"start":{"line":6,"column":32},"end":{"line":6,"column":48}}],"line":6},"1":{"loc":{"start":{"line":23,"column":15},"end":{"line":25,"column":70}},"type":"cond-expr","locations":[{"start":{"line":24,"column":4},"end":{"line":24,"column":32}},{"start":{"line":25,"column":4},"end":{"line":25,"column":70}}],"line":23},"2":{"loc":{"start":{"line":25,"column":15},"end":{"line":25,"column":70}},"type":"binary-expr","locations":[{"start":{"line":25,"column":15},"end":{"line":25,"column":34}},{"start":{"line":25,"column":38},"end":{"line":25,"column":70}}],"line":25}},"s":{"0":1,"1":1,"2":1,"3":0},"f":{"0":1,"1":0},"b":{"0":[1,1],"1":[1,0],"2":[0,0]},"_coverageSchema":"1a1c01bbd47fc00a2c39e90264f33305004495a9","hash":"716fd29c2e2feb1a0fb980ab9aa0c0e356779867"}
,"C:\\Users\\nuahry\\Desktop\\Softwaretesting_robotproject\\js\\isLength.js": {"path":"C:\\Users\\nuahry\\Desktop\\Softwaretesting_robotproject\\js\\isLength.js","statementMap":{"0":{"start":{"line":2,"column":25},"end":{"line":2,"column":41}},"1":{"start":{"line":29,"column":2},"end":{"line":30,"column":61}}},"fnMap":{"0":{"name":"isLength","decl":{"start":{"line":28,"column":9},"end":{"line":28,"column":17}},"loc":{"start":{"line":28,"column":25},"end":{"line":31,"column":1}},"line":28}},"branchMap":{"0":{"loc":{"start":{"line":29,"column":9},"end":{"line":30,"column":61}},"type":"binary-expr","locations":[{"start":{"line":29,"column":9},"end":{"line":29,"column":34}},{"start":{"line":30,"column":4},"end":{"line":30,"column":14}},{"start":{"line":30,"column":18},"end":{"line":30,"column":32}},{"start":{"line":30,"column":36},"end":{"line":30,"column":61}}],"line":29}},"s":{"0":1,"1":2},"f":{"0":2},"b":{"0":[2,2,2,2]},"_coverageSchema":"1a1c01bbd47fc00a2c39e90264f33305004495a9","hash":"8257c25b62fedb764c5290f89834e24bb20ee5b7"}
,"C:\\Users\\nuahry\\Desktop\\Softwaretesting_robotproject\\js\\isObject.js": {"path":"C:\\Users\\nuahry\\Desktop\\Softwaretesting_robotproject\\js\\isObject.js","statementMap":{"0":{"start":{"line":25,"column":15},"end":{"line":25,"column":27}},"1":{"start":{"line":26,"column":2},"end":{"line":26,"column":68}}},"fnMap":{"0":{"name":"isObject","decl":{"start":{"line":24,"column":9},"end":{"line":24,"column":17}},"loc":{"start":{"line":24,"column":25},"end":{"line":27,"column":1}},"line":24}},"branchMap":{"0":{"loc":{"start":{"line":26,"column":9},"end":{"line":26,"column":68}},"type":"binary-expr","locations":[{"start":{"line":26,"column":9},"end":{"line":26,"column":22}},{"start":{"line":26,"column":27},"end":{"line":26,"column":44}},{"start":{"line":26,"column":48},"end":{"line":26,"column":67}}],"line":26}},"s":{"0":0,"1":0},"f":{"0":0},"b":{"0":[0,0,0]},"_coverageSchema":"1a1c01bbd47fc00a2c39e90264f33305004495a9","hash":"f6be94b3f4a227be5efc2f8248d713d3452bb53b"}
,"C:\\Users\\nuahry\\Desktop\\Softwaretesting_robotproject\\js\\isObjectLike.js": {"path":"C:\\Users\\nuahry\\Desktop\\Softwaretesting_robotproject\\js\\isObjectLike.js","statementMap":{"0":{"start":{"line":24,"column":2},"end":{"line":24,"column":52}}},"fnMap":{"0":{"name":"isObjectLike","decl":{"start":{"line":23,"column":9},"end":{"line":23,"column":21}},"loc":{"start":{"line":23,"column":29},"end":{"line":25,"column":1}},"line":23}},"branchMap":{"0":{"loc":{"start":{"line":24,"column":9},"end":{"line":24,"column":52}},"type":"binary-expr","locations":[{"start":{"line":24,"column":9},"end":{"line":24,"column":34}},{"start":{"line":24,"column":38},"end":{"line":24,"column":52}}],"line":24}},"s":{"0":2},"f":{"0":2},"b":{"0":[2,2]},"_coverageSchema":"1a1c01bbd47fc00a2c39e90264f33305004495a9","hash":"b0feea3c55889cdc934b0ada71d0ffad8ed69170"}
,"C:\\Users\\nuahry\\Desktop\\Softwaretesting_robotproject\\js\\isSymbol.js": {"path":"C:\\Users\\nuahry\\Desktop\\Softwaretesting_robotproject\\js\\isSymbol.js","statementMap":{"0":{"start":{"line":19,"column":15},"end":{"line":19,"column":27}},"1":{"start":{"line":20,"column":2},"end":{"line":20,"column":103}}},"fnMap":{"0":{"name":"isSymbol","decl":{"start":{"line":18,"column":9},"end":{"line":18,"column":17}},"loc":{"start":{"line":18,"column":25},"end":{"line":21,"column":1}},"line":18}},"branchMap":{"0":{"loc":{"start":{"line":20,"column":9},"end":{"line":20,"column":103}},"type":"binary-expr","locations":[{"start":{"line":20,"column":9},"end":{"line":20,"column":25}},{"start":{"line":20,"column":30},"end":{"line":20,"column":47}},{"start":{"line":20,"column":51},"end":{"line":20,"column":64}},{"start":{"line":20,"column":68},"end":{"line":20,"column":102}}],"line":20}},"s":{"0":0,"1":0},"f":{"0":0},"b":{"0":[0,0,0,0]},"_coverageSchema":"1a1c01bbd47fc00a2c39e90264f33305004495a9","hash":"aa0f0ea90dafb3e7bd3a8c6b75adbd72bad6746d"}
,"C:\\Users\\nuahry\\Desktop\\Softwaretesting_robotproject\\js\\map.js": {"path":"C:\\Users\\nuahry\\Desktop\\Softwaretesting_robotproject\\js\\map.js","statementMap":{"0":{"start":{"line":20,"column":14},"end":{"line":20,"column":16}},"1":{"start":{"line":21,"column":17},"end":{"line":21,"column":49}},"2":{"start":{"line":22,"column":17},"end":{"line":22,"column":34}},"3":{"start":{"line":24,"column":2},"end":{"line":26,"column":3}},"4":{"start":{"line":25,"column":4},"end":{"line":25,"column":56}},"5":{"start":{"line":27,"column":2},"end":{"line":27,"column":15}}},"fnMap":{"0":{"name":"map","decl":{"start":{"line":19,"column":9},"end":{"line":19,"column":12}},"loc":{"start":{"line":19,"column":30},"end":{"line":28,"column":1}},"line":19}},"branchMap":{"0":{"loc":{"start":{"line":21,"column":17},"end":{"line":21,"column":49}},"type":"cond-expr","locations":[{"start":{"line":21,"column":33},"end":{"line":21,"column":34}},{"start":{"line":21,"column":37},"end":{"line":21,"column":49}}],"line":21}},"s":{"0":0,"1":0,"2":0,"3":0,"4":0,"5":0},"f":{"0":0},"b":{"0":[0,0]},"_coverageSchema":"1a1c01bbd47fc00a2c39e90264f33305004495a9","hash":"c3585577ce32a21fb777cc1ec203c0ffec0b8a0e"}
,"C:\\Users\\nuahry\\Desktop\\Softwaretesting_robotproject\\js\\slice.js": {"path":"C:\\Users\\nuahry\\Desktop\\Softwaretesting_robotproject\\js\\slice.js","statementMap":{"0":{"start":{"line":22,"column":15},"end":{"line":22,"column":47}},"1":{"start":{"line":23,"column":2},"end":{"line":25,"column":3}},"2":{"start":{"line":24,"column":4},"end":{"line":24,"column":13}},"3":{"start":{"line":26,"column":2},"end":{"line":26,"column":35}},"4":{"start":{"line":27,"column":2},"end":{"line":27,"column":40}},"5":{"start":{"line":29,"column":2},"end":{"line":31,"column":3}},"6":{"start":{"line":30,"column":4},"end":{"line":30,"column":50}},"7":{"start":{"line":32,"column":2},"end":{"line":34,"column":3}},"8":{"start":{"line":33,"column":4},"end":{"line":33,"column":17}},"9":{"start":{"line":35,"column":2},"end":{"line":35,"column":50}},"10":{"start":{"line":36,"column":2},"end":{"line":36,"column":14}},"11":{"start":{"line":38,"column":14},"end":{"line":38,"column":16}},"12":{"start":{"line":39,"column":17},"end":{"line":39,"column":34}},"13":{"start":{"line":40,"column":2},"end":{"line":42,"column":3}},"14":{"start":{"line":41,"column":4},"end":{"line":41,"column":40}},"15":{"start":{"line":43,"column":2},"end":{"line":43,"column":15}}},"fnMap":{"0":{"name":"slice","decl":{"start":{"line":21,"column":9},"end":{"line":21,"column":14}},"loc":{"start":{"line":21,"column":34},"end":{"line":44,"column":1}},"line":21}},"branchMap":{"0":{"loc":{"start":{"line":22,"column":15},"end":{"line":22,"column":47}},"type":"cond-expr","locations":[{"start":{"line":22,"column":31},"end":{"line":22,"column":32}},{"start":{"line":22,"column":35},"end":{"line":22,"column":47}}],"line":22},"1":{"loc":{"start":{"line":23,"column":2},"end":{"line":25,"column":3}},"type":"if","locations":[{"start":{"line":23,"column":2},"end":{"line":25,"column":3}},{"start":{},"end":{}}],"line":23},"2":{"loc":{"start":{"line":26,"column":10},"end":{"line":26,"column":35}},"type":"cond-expr","locations":[{"start":{"line":26,"column":26},"end":{"line":26,"column":27}},{"start":{"line":26,"column":30},"end":{"line":26,"column":35}}],"line":26},"3":{"loc":{"start":{"line":27,"column":8},"end":{"line":27,"column":40}},"type":"cond-expr","locations":[{"start":{"line":27,"column":28},"end":{"line":27,"column":34}},{"start":{"line":27,"column":37},"end":{"line":27,"column":40}}],"line":27},"4":{"loc":{"start":{"line":29,"column":2},"end":{"line":31,"column":3}},"type":"if","locations":[{"start":{"line":29,"column":2},"end":{"line":31,"column":3}},{"start":{},"end":{}}],"line":29},"5":{"loc":{"start":{"line":30,"column":12},"end":{"line":30,"column":50}},"type":"cond-expr","locations":[{"start":{"line":30,"column":30},"end":{"line":30,"column":31}},{"start":{"line":30,"column":35},"end":{"line":30,"column":49}}],"line":30},"6":{"loc":{"start":{"line":32,"column":2},"end":{"line":34,"column":3}},"type":"if","locations":[{"start":{"line":32,"column":2},"end":{"line":34,"column":3}},{"start":{},"end":{}}],"line":32},"7":{"loc":{"start":{"line":35,"column":11},"end":{"line":35,"column":50}},"type":"cond-expr","locations":[{"start":{"line":35,"column":25},"end":{"line":35,"column":26}},{"start":{"line":35,"column":30},"end":{"line":35,"column":49}}],"line":35}},"s":{"0":3,"1":3,"2":0,"3":3,"4":3,"5":3,"6":0,"7":3,"8":0,"9":3,"10":3,"11":3,"12":3,"13":3,"14":8,"15":3},"f":{"0":3},"b":{"0":[0,3],"1":[0,3],"2":[0,3],"3":[0,3],"4":[0,3],"5":[0,0],"6":[0,3],"7":[0,3]},"_coverageSchema":"1a1c01bbd47fc00a2c39e90264f33305004495a9","hash":"b082630bd1448c70ac809c354ddfeaa64c41e283"}
,"C:\\Users\\nuahry\\Desktop\\Softwaretesting_robotproject\\js\\sum.js": {"path":"C:\\Users\\nuahry\\Desktop\\Softwaretesting_robotproject\\js\\sum.js","statementMap":{"0":{"start":{"line":4,"column":4},"end":{"line":4,"column":22}},"1":{"start":{"line":8,"column":0},"end":{"line":8,"column":21}}},"fnMap":{"0":{"name":"sum","decl":{"start":{"line":3,"column":9},"end":{"line":3,"column":12}},"loc":{"start":{"line":3,"column":24},"end":{"line":5,"column":1}},"line":3}},"branchMap":{},"s":{"0":1,"1":1},"f":{"0":1},"b":{},"_coverageSchema":"1a1c01bbd47fc00a2c39e90264f33305004495a9","hash":"1bb0095e1837b2be9e2b0ebff523ef6c79cee041"}
,"C:\\Users\\nuahry\\Desktop\\Softwaretesting_robotproject\\js\\toFinite.js": {"path":"C:\\Users\\nuahry\\Desktop\\Softwaretesting_robotproject\\js\\toFinite.js","statementMap":{"0":{"start":{"line":4,"column":17},"end":{"line":4,"column":22}},"1":{"start":{"line":5,"column":20},"end":{"line":5,"column":43}},"2":{"start":{"line":29,"column":2},"end":{"line":31,"column":3}},"3":{"start":{"line":30,"column":4},"end":{"line":30,"column":34}},"4":{"start":{"line":32,"column":2},"end":{"line":32,"column":25}},"5":{"start":{"line":33,"column":2},"end":{"line":36,"column":3}},"6":{"start":{"line":34,"column":18},"end":{"line":34,"column":36}},"7":{"start":{"line":35,"column":4},"end":{"line":35,"column":29}},"8":{"start":{"line":37,"column":2},"end":{"line":37,"column":36}}},"fnMap":{"0":{"name":"toFinite","decl":{"start":{"line":28,"column":9},"end":{"line":28,"column":17}},"loc":{"start":{"line":28,"column":25},"end":{"line":38,"column":1}},"line":28}},"branchMap":{"0":{"loc":{"start":{"line":29,"column":2},"end":{"line":31,"column":3}},"type":"if","locations":[{"start":{"line":29,"column":2},"end":{"line":31,"column":3}},{"start":{},"end":{}}],"line":29},"1":{"loc":{"start":{"line":30,"column":11},"end":{"line":30,"column":34}},"type":"cond-expr","locations":[{"start":{"line":30,"column":25},"end":{"line":30,"column":30}},{"start":{"line":30,"column":33},"end":{"line":30,"column":34}}],"line":30},"2":{"loc":{"start":{"line":33,"column":2},"end":{"line":36,"column":3}},"type":"if","locations":[{"start":{"line":33,"column":2},"end":{"line":36,"column":3}},{"start":{},"end":{}}],"line":33},"3":{"loc":{"start":{"line":33,"column":6},"end":{"line":33,"column":47}},"type":"binary-expr","locations":[{"start":{"line":33,"column":6},"end":{"line":33,"column":24}},{"start":{"line":33,"column":28},"end":{"line":33,"column":47}}],"line":33},"4":{"loc":{"start":{"line":34,"column":18},"end":{"line":34,"column":36}},"type":"cond-expr","locations":[{"start":{"line":34,"column":30},"end":{"line":34,"column":32}},{"start":{"line":34,"column":35},"end":{"line":34,"column":36}}],"line":34},"5":{"loc":{"start":{"line":37,"column":9},"end":{"line":37,"column":36}},"type":"cond-expr","locations":[{"start":{"line":37,"column":27},"end":{"line":37,"column":32}},{"start":{"line":37,"column":35},"end":{"line":37,"column":36}}],"line":37}},"s":{"0":2,"1":2,"2":2,"3":0,"4":2,"5":2,"6":0,"7":0,"8":2},"f":{"0":2},"b":{"0":[0,2],"1":[0,0],"2":[0,2],"3":[2,2],"4":[0,0],"5":[2,0]},"_coverageSchema":"1a1c01bbd47fc00a2c39e90264f33305004495a9","hash":"284b126228e13e7b0638f7469c39261b11e63e83"}
,"C:\\Users\\nuahry\\Desktop\\Softwaretesting_robotproject\\js\\toInteger.js": {"path":"C:\\Users\\nuahry\\Desktop\\Softwaretesting_robotproject\\js\\toInteger.js","statementMap":{"0":{"start":{"line":29,"column":17},"end":{"line":29,"column":32}},"1":{"start":{"line":30,"column":20},"end":{"line":30,"column":30}},"2":{"start":{"line":32,"column":2},"end":{"line":32,"column":48}}},"fnMap":{"0":{"name":"toInteger","decl":{"start":{"line":28,"column":9},"end":{"line":28,"column":18}},"loc":{"start":{"line":28,"column":26},"end":{"line":33,"column":1}},"line":28}},"branchMap":{"0":{"loc":{"start":{"line":32,"column":9},"end":{"line":32,"column":48}},"type":"cond-expr","locations":[{"start":{"line":32,"column":21},"end":{"line":32,"column":39}},{"start":{"line":32,"column":42},"end":{"line":32,"column":48}}],"line":32}},"s":{"0":2,"1":2,"2":2},"f":{"0":2},"b":{"0":[0,2]},"_coverageSchema":"1a1c01bbd47fc00a2c39e90264f33305004495a9","hash":"96e335cd5316062e58b2d134b1143ce9aceea607"}
,"C:\\Users\\nuahry\\Desktop\\Softwaretesting_robotproject\\js\\toNumber.js": {"path":"C:\\Users\\nuahry\\Desktop\\Softwaretesting_robotproject\\js\\toNumber.js","statementMap":{"0":{"start":{"line":5,"column":12},"end":{"line":5,"column":17}},"1":{"start":{"line":8,"column":15},"end":{"line":8,"column":27}},"2":{"start":{"line":11,"column":19},"end":{"line":11,"column":39}},"3":{"start":{"line":14,"column":19},"end":{"line":14,"column":31}},"4":{"start":{"line":17,"column":18},"end":{"line":17,"column":31}},"5":{"start":{"line":20,"column":21},"end":{"line":20,"column":29}},"6":{"start":{"line":45,"column":2},"end":{"line":47,"column":3}},"7":{"start":{"line":46,"column":4},"end":{"line":46,"column":16}},"8":{"start":{"line":48,"column":2},"end":{"line":50,"column":3}},"9":{"start":{"line":49,"column":4},"end":{"line":49,"column":14}},"10":{"start":{"line":51,"column":2},"end":{"line":54,"column":3}},"11":{"start":{"line":52,"column":18},"end":{"line":52,"column":79}},"12":{"start":{"line":53,"column":4},"end":{"line":53,"column":48}},"13":{"start":{"line":55,"column":2},"end":{"line":57,"column":3}},"14":{"start":{"line":56,"column":4},"end":{"line":56,"column":39}},"15":{"start":{"line":58,"column":2},"end":{"line":58,"column":35}},"16":{"start":{"line":59,"column":19},"end":{"line":59,"column":41}},"17":{"start":{"line":60,"column":2},"end":{"line":62,"column":45}}},"fnMap":{"0":{"name":"toNumber","decl":{"start":{"line":44,"column":9},"end":{"line":44,"column":17}},"loc":{"start":{"line":44,"column":25},"end":{"line":63,"column":1}},"line":44}},"branchMap":{"0":{"loc":{"start":{"line":45,"column":2},"end":{"line":47,"column":3}},"type":"if","locations":[{"start":{"line":45,"column":2},"end":{"line":47,"column":3}},{"start":{},"end":{}}],"line":45},"1":{"loc":{"start":{"line":48,"column":2},"end":{"line":50,"column":3}},"type":"if","locations":[{"start":{"line":48,"column":2},"end":{"line":50,"column":3}},{"start":{},"end":{}}],"line":48},"2":{"loc":{"start":{"line":51,"column":2},"end":{"line":54,"column":3}},"type":"if","locations":[{"start":{"line":51,"column":2},"end":{"line":54,"column":3}},{"start":{},"end":{}}],"line":51},"3":{"loc":{"start":{"line":52,"column":18},"end":{"line":52,"column":79}},"type":"cond-expr","locations":[{"start":{"line":52,"column":56},"end":{"line":52,"column":71}},{"start":{"line":52,"column":74},"end":{"line":52,"column":79}}],"line":52},"4":{"loc":{"start":{"line":53,"column":12},"end":{"line":53,"column":48}},"type":"cond-expr","locations":[{"start":{"line":53,"column":30},"end":{"line":53,"column":40}},{"start":{"line":53,"column":43},"end":{"line":53,"column":48}}],"line":53},"5":{"loc":{"start":{"line":55,"column":2},"end":{"line":57,"column":3}},"type":"if","locations":[{"start":{"line":55,"column":2},"end":{"line":57,"column":3}},{"start":{},"end":{}}],"line":55},"6":{"loc":{"start":{"line":56,"column":11},"end":{"line":56,"column":39}},"type":"cond-expr","locations":[{"start":{"line":56,"column":25},"end":{"line":56,"column":30}},{"start":{"line":56,"column":33},"end":{"line":56,"column":39}}],"line":56},"7":{"loc":{"start":{"line":60,"column":9},"end":{"line":62,"column":45}},"type":"cond-expr","locations":[{"start":{"line":61,"column":6},"end":{"line":61,"column":52}},{"start":{"line":62,"column":7},"end":{"line":62,"column":44}}],"line":60},"8":{"loc":{"start":{"line":60,"column":10},"end":{"line":60,"column":43}},"type":"binary-expr","locations":[{"start":{"line":60,"column":10},"end":{"line":60,"column":18}},{"start":{"line":60,"column":22},"end":{"line":60,"column":43}}],"line":60},"9":{"loc":{"start":{"line":61,"column":35},"end":{"line":61,"column":51}},"type":"cond-expr","locations":[{"start":{"line":61,"column":46},"end":{"line":61,"column":47}},{"start":{"line":61,"column":50},"end":{"line":61,"column":51}}],"line":61},"10":{"loc":{"start":{"line":62,"column":7},"end":{"line":62,"column":44}},"type":"cond-expr","locations":[{"start":{"line":62,"column":32},"end":{"line":62,"column":35}},{"start":{"line":62,"column":38},"end":{"line":62,"column":44}}],"line":62}},"s":{"0":2,"1":2,"2":2,"3":2,"4":2,"5":2,"6":2,"7":2,"8":0,"9":0,"10":0,"11":0,"12":0,"13":0,"14":0,"15":0,"16":0,"17":0},"f":{"0":2},"b":{"0":[2,0],"1":[0,0],"2":[0,0],"3":[0,0],"4":[0,0],"5":[0,0],"6":[0,0],"7":[0,0],"8":[0,0],"9":[0,0],"10":[0,0]},"_coverageSchema":"1a1c01bbd47fc00a2c39e90264f33305004495a9","hash":"b1eb304d902a7b9f391e453009f8e52c086899ff"}
,"C:\\Users\\nuahry\\Desktop\\Softwaretesting_robotproject\\js\\toString.js": {"path":"C:\\Users\\nuahry\\Desktop\\Softwaretesting_robotproject\\js\\toString.js","statementMap":{"0":{"start":{"line":4,"column":17},"end":{"line":4,"column":22}},"1":{"start":{"line":28,"column":2},"end":{"line":30,"column":3}},"2":{"start":{"line":29,"column":4},"end":{"line":29,"column":16}},"3":{"start":{"line":31,"column":2},"end":{"line":34,"column":3}},"4":{"start":{"line":33,"column":4},"end":{"line":33,"column":77}},"5":{"start":{"line":33,"column":35},"end":{"line":33,"column":74}},"6":{"start":{"line":35,"column":2},"end":{"line":37,"column":3}},"7":{"start":{"line":36,"column":4},"end":{"line":36,"column":27}},"8":{"start":{"line":38,"column":17},"end":{"line":38,"column":27}},"9":{"start":{"line":39,"column":2},"end":{"line":39,"column":68}}},"fnMap":{"0":{"name":"toString","decl":{"start":{"line":25,"column":9},"end":{"line":25,"column":17}},"loc":{"start":{"line":25,"column":25},"end":{"line":40,"column":1}},"line":25},"1":{"name":"(anonymous_1)","decl":{"start":{"line":33,"column":24},"end":{"line":33,"column":25}},"loc":{"start":{"line":33,"column":35},"end":{"line":33,"column":74}},"line":33}},"branchMap":{"0":{"loc":{"start":{"line":28,"column":2},"end":{"line":30,"column":3}},"type":"if","locations":[{"start":{"line":28,"column":2},"end":{"line":30,"column":3}},{"start":{},"end":{}}],"line":28},"1":{"loc":{"start":{"line":31,"column":2},"end":{"line":34,"column":3}},"type":"if","locations":[{"start":{"line":31,"column":2},"end":{"line":34,"column":3}},{"start":{},"end":{}}],"line":31},"2":{"loc":{"start":{"line":33,"column":35},"end":{"line":33,"column":74}},"type":"cond-expr","locations":[{"start":{"line":33,"column":51},"end":{"line":33,"column":56}},{"start":{"line":33,"column":59},"end":{"line":33,"column":74}}],"line":33},"3":{"loc":{"start":{"line":35,"column":2},"end":{"line":37,"column":3}},"type":"if","locations":[{"start":{"line":35,"column":2},"end":{"line":37,"column":3}},{"start":{},"end":{}}],"line":35},"4":{"loc":{"start":{"line":39,"column":9},"end":{"line":39,"column":68}},"type":"cond-expr","locations":[{"start":{"line":39,"column":55},"end":{"line":39,"column":59}},{"start":{"line":39,"column":62},"end":{"line":39,"column":68}}],"line":39},"5":{"loc":{"start":{"line":39,"column":10},"end":{"line":39,"column":51}},"type":"binary-expr","locations":[{"start":{"line":39,"column":10},"end":{"line":39,"column":23}},{"start":{"line":39,"column":27},"end":{"line":39,"column":51}}],"line":39}},"s":{"0":2,"1":2,"2":2,"3":0,"4":0,"5":0,"6":0,"7":0,"8":0,"9":0},"f":{"0":2,"1":0},"b":{"0":[2,0],"1":[0,0],"2":[0,0],"3":[0,0],"4":[0,0],"5":[0,0]},"_coverageSchema":"1a1c01bbd47fc00a2c39e90264f33305004495a9","hash":"cb1608b312e2a844c929031f9211b32dd297c1c2"}
,"C:\\Users\\nuahry\\Desktop\\Softwaretesting_robotproject\\js\\upperFirst.js": {"path":"C:\\Users\\nuahry\\Desktop\\Softwaretesting_robotproject\\js\\upperFirst.js","statementMap":{"0":{"start":{"line":19,"column":19},"end":{"line":19,"column":49}}},"fnMap":{},"branchMap":{},"s":{"0":2},"f":{},"b":{},"_coverageSchema":"1a1c01bbd47fc00a2c39e90264f33305004495a9","hash":"4b1cd88590a55837847dec7039ad17be059b80e1"}
,"C:\\Users\\nuahry\\Desktop\\Softwaretesting_robotproject\\js\\words.js": {"path":"C:\\Users\\nuahry\\Desktop\\Softwaretesting_robotproject\\js\\words.js","statementMap":{"0":{"start":{"line":3,"column":23},"end":{"line":5,"column":1}},"1":{"start":{"line":8,"column":20},"end":{"line":8,"column":63}},"2":{"start":{"line":11,"column":2},"end":{"line":11,"column":34}},"3":{"start":{"line":31,"column":2},"end":{"line":34,"column":3}},"4":{"start":{"line":32,"column":19},"end":{"line":32,"column":85}},"5":{"start":{"line":33,"column":4},"end":{"line":33,"column":23}},"6":{"start":{"line":35,"column":2},"end":{"line":35,"column":36}}},"fnMap":{"0":{"name":"asciiWords","decl":{"start":{"line":10,"column":9},"end":{"line":10,"column":19}},"loc":{"start":{"line":10,"column":28},"end":{"line":12,"column":1}},"line":10},"1":{"name":"words","decl":{"start":{"line":30,"column":9},"end":{"line":30,"column":14}},"loc":{"start":{"line":30,"column":32},"end":{"line":36,"column":1}},"line":30}},"branchMap":{"0":{"loc":{"start":{"line":31,"column":2},"end":{"line":34,"column":3}},"type":"if","locations":[{"start":{"line":31,"column":2},"end":{"line":34,"column":3}},{"start":{},"end":{}}],"line":31},"1":{"loc":{"start":{"line":32,"column":19},"end":{"line":32,"column":85}},"type":"cond-expr","locations":[{"start":{"line":32,"column":44},"end":{"line":32,"column":64}},{"start":{"line":32,"column":67},"end":{"line":32,"column":85}}],"line":32},"2":{"loc":{"start":{"line":33,"column":11},"end":{"line":33,"column":23}},"type":"binary-expr","locations":[{"start":{"line":33,"column":11},"end":{"line":33,"column":17}},{"start":{"line":33,"column":21},"end":{"line":33,"column":23}}],"line":33},"3":{"loc":{"start":{"line":35,"column":9},"end":{"line":35,"column":36}},"type":"binary-expr","locations":[{"start":{"line":35,"column":9},"end":{"line":35,"column":30}},{"start":{"line":35,"column":34},"end":{"line":35,"column":36}}],"line":35}},"s":{"0":1,"1":1,"2":1,"3":1,"4":1,"5":1,"6":0},"f":{"0":1,"1":1},"b":{"0":[1,0],"1":[0,1],"2":[1,0],"3":[0,0]},"_coverageSchema":"1a1c01bbd47fc00a2c39e90264f33305004495a9","hash":"7b572f88335c6bb1c349c6d089aeead953e6abb9"}
,"C:\\Users\\nuahry\\Desktop\\Softwaretesting_robotproject\\js\\.internal\\Hash.js": {"path":"C:\\Users\\nuahry\\Desktop\\Softwaretesting_robotproject\\js\\.internal\\Hash.js","statementMap":{"0":{"start":{"line":2,"column":23},"end":{"line":2,"column":50}},"1":{"start":{"line":14,"column":16},"end":{"line":14,"column":18}},"2":{"start":{"line":15,"column":19},"end":{"line":15,"column":55}},"3":{"start":{"line":17,"column":4},"end":{"line":17,"column":16}},"4":{"start":{"line":18,"column":4},"end":{"line":21,"column":5}},"5":{"start":{"line":19,"column":20},"end":{"line":19,"column":34}},"6":{"start":{"line":20,"column":6},"end":{"line":20,"column":34}},"7":{"start":{"line":30,"column":4},"end":{"line":30,"column":39}},"8":{"start":{"line":31,"column":4},"end":{"line":31,"column":17}},"9":{"start":{"line":42,"column":19},"end":{"line":42,"column":61}},"10":{"start":{"line":43,"column":4},"end":{"line":43,"column":31}},"11":{"start":{"line":44,"column":4},"end":{"line":44,"column":17}},"12":{"start":{"line":55,"column":17},"end":{"line":55,"column":30}},"13":{"start":{"line":56,"column":19},"end":{"line":56,"column":28}},"14":{"start":{"line":57,"column":4},"end":{"line":57,"column":57}},"15":{"start":{"line":68,"column":17},"end":{"line":68,"column":30}},"16":{"start":{"line":69,"column":4},"end":{"line":69,"column":34}},"17":{"start":{"line":81,"column":17},"end":{"line":81,"column":30}},"18":{"start":{"line":82,"column":4},"end":{"line":82,"column":38}},"19":{"start":{"line":83,"column":4},"end":{"line":83,"column":60}},"20":{"start":{"line":84,"column":4},"end":{"line":84,"column":15}}},"fnMap":{"0":{"name":"(anonymous_0)","decl":{"start":{"line":13,"column":2},"end":{"line":13,"column":3}},"loc":{"start":{"line":13,"column":23},"end":{"line":22,"column":3}},"line":13},"1":{"name":"(anonymous_1)","decl":{"start":{"line":29,"column":2},"end":{"line":29,"column":3}},"loc":{"start":{"line":29,"column":10},"end":{"line":32,"column":3}},"line":29},"2":{"name":"(anonymous_2)","decl":{"start":{"line":41,"column":2},"end":{"line":41,"column":3}},"loc":{"start":{"line":41,"column":14},"end":{"line":45,"column":3}},"line":41},"3":{"name":"(anonymous_3)","decl":{"start":{"line":54,"column":2},"end":{"line":54,"column":3}},"loc":{"start":{"line":54,"column":11},"end":{"line":58,"column":3}},"line":54},"4":{"name":"(anonymous_4)","decl":{"start":{"line":67,"column":2},"end":{"line":67,"column":3}},"loc":{"start":{"line":67,"column":11},"end":{"line":70,"column":3}},"line":67},"5":{"name":"(anonymous_5)","decl":{"start":{"line":80,"column":2},"end":{"line":80,"column":3}},"loc":{"start":{"line":80,"column":18},"end":{"line":85,"column":3}},"line":80}},"branchMap":{"0":{"loc":{"start":{"line":15,"column":19},"end":{"line":15,"column":55}},"type":"cond-expr","locations":[{"start":{"line":15,"column":37},"end":{"line":15,"column":38}},{"start":{"line":15,"column":41},"end":{"line":15,"column":55}}],"line":15},"1":{"loc":{"start":{"line":42,"column":19},"end":{"line":42,"column":61}},"type":"binary-expr","locations":[{"start":{"line":42,"column":19},"end":{"line":42,"column":32}},{"start":{"line":42,"column":36},"end":{"line":42,"column":61}}],"line":42},"2":{"loc":{"start":{"line":43,"column":17},"end":{"line":43,"column":31}},"type":"cond-expr","locations":[{"start":{"line":43,"column":26},"end":{"line":43,"column":27}},{"start":{"line":43,"column":30},"end":{"line":43,"column":31}}],"line":43},"3":{"loc":{"start":{"line":57,"column":11},"end":{"line":57,"column":57}},"type":"cond-expr","locations":[{"start":{"line":57,"column":39},"end":{"line":57,"column":48}},{"start":{"line":57,"column":51},"end":{"line":57,"column":57}}],"line":57},"4":{"loc":{"start":{"line":82,"column":17},"end":{"line":82,"column":38}},"type":"cond-expr","locations":[{"start":{"line":82,"column":33},"end":{"line":82,"column":34}},{"start":{"line":82,"column":37},"end":{"line":82,"column":38}}],"line":82},"5":{"loc":{"start":{"line":83,"column":16},"end":{"line":83,"column":60}},"type":"cond-expr","locations":[{"start":{"line":83,"column":38},"end":{"line":83,"column":52}},{"start":{"line":83,"column":55},"end":{"line":83,"column":60}}],"line":83}},"s":{"0":1,"1":0,"2":0,"3":0,"4":0,"5":0,"6":0,"7":0,"8":0,"9":0,"10":0,"11":0,"12":0,"13":0,"14":0,"15":0,"16":0,"17":0,"18":0,"19":0,"20":0},"f":{"0":0,"1":0,"2":0,"3":0,"4":0,"5":0},"b":{"0":[0,0],"1":[0,0],"2":[0,0],"3":[0,0],"4":[0,0],"5":[0,0]},"_coverageSchema":"1a1c01bbd47fc00a2c39e90264f33305004495a9","hash":"0b7c5a5812ef04aa9d530e1f5518f1797446a41f"}
,"C:\\Users\\nuahry\\Desktop\\Softwaretesting_robotproject\\js\\.internal\\MapCache.js": {"path":"C:\\Users\\nuahry\\Desktop\\Softwaretesting_robotproject\\js\\.internal\\MapCache.js","statementMap":{"0":{"start":{"line":13,"column":15},"end":{"line":13,"column":23}},"1":{"start":{"line":14,"column":2},"end":{"line":16,"column":14}},"2":{"start":{"line":27,"column":15},"end":{"line":27,"column":27}},"3":{"start":{"line":28,"column":2},"end":{"line":30,"column":22}},"4":{"start":{"line":43,"column":16},"end":{"line":43,"column":18}},"5":{"start":{"line":44,"column":19},"end":{"line":44,"column":55}},"6":{"start":{"line":46,"column":4},"end":{"line":46,"column":16}},"7":{"start":{"line":47,"column":4},"end":{"line":50,"column":5}},"8":{"start":{"line":48,"column":20},"end":{"line":48,"column":34}},"9":{"start":{"line":49,"column":6},"end":{"line":49,"column":34}},"10":{"start":{"line":59,"column":4},"end":{"line":59,"column":17}},"11":{"start":{"line":60,"column":4},"end":{"line":64,"column":5}},"12":{"start":{"line":75,"column":19},"end":{"line":75,"column":55}},"13":{"start":{"line":76,"column":4},"end":{"line":76,"column":31}},"14":{"start":{"line":77,"column":4},"end":{"line":77,"column":17}},"15":{"start":{"line":88,"column":4},"end":{"line":88,"column":41}},"16":{"start":{"line":99,"column":4},"end":{"line":99,"column":41}},"17":{"start":{"line":111,"column":17},"end":{"line":111,"column":38}},"18":{"start":{"line":112,"column":17},"end":{"line":112,"column":26}},"19":{"start":{"line":114,"column":4},"end":{"line":114,"column":24}},"20":{"start":{"line":115,"column":4},"end":{"line":115,"column":42}},"21":{"start":{"line":116,"column":4},"end":{"line":116,"column":15}}},"fnMap":{"0":{"name":"getMapData","decl":{"start":{"line":12,"column":9},"end":{"line":12,"column":19}},"loc":{"start":{"line":12,"column":39},"end":{"line":17,"column":1}},"line":12},"1":{"name":"isKeyable","decl":{"start":{"line":26,"column":9},"end":{"line":26,"column":18}},"loc":{"start":{"line":26,"column":26},"end":{"line":31,"column":1}},"line":26},"2":{"name":"(anonymous_2)","decl":{"start":{"line":42,"column":2},"end":{"line":42,"column":3}},"loc":{"start":{"line":42,"column":23},"end":{"line":51,"column":3}},"line":42},"3":{"name":"(anonymous_3)","decl":{"start":{"line":58,"column":2},"end":{"line":58,"column":3}},"loc":{"start":{"line":58,"column":10},"end":{"line":65,"column":3}},"line":58},"4":{"name":"(anonymous_4)","decl":{"start":{"line":74,"column":2},"end":{"line":74,"column":3}},"loc":{"start":{"line":74,"column":14},"end":{"line":78,"column":3}},"line":74},"5":{"name":"(anonymous_5)","decl":{"start":{"line":87,"column":2},"end":{"line":87,"column":3}},"loc":{"start":{"line":87,"column":11},"end":{"line":89,"column":3}},"line":87},"6":{"name":"(anonymous_6)","decl":{"start":{"line":98,"column":2},"end":{"line":98,"column":3}},"loc":{"start":{"line":98,"column":11},"end":{"line":100,"column":3}},"line":98},"7":{"name":"(anonymous_7)","decl":{"start":{"line":110,"column":2},"end":{"line":110,"column":3}},"loc":{"start":{"line":110,"column":18},"end":{"line":117,"column":3}},"line":110}},"branchMap":{"0":{"loc":{"start":{"line":14,"column":9},"end":{"line":16,"column":14}},"type":"cond-expr","locations":[{"start":{"line":15,"column":6},"end":{"line":15,"column":55}},{"start":{"line":16,"column":6},"end":{"line":16,"column":14}}],"line":14},"1":{"loc":{"start":{"line":15,"column":11},"end":{"line":15,"column":54}},"type":"cond-expr","locations":[{"start":{"line":15,"column":37},"end":{"line":15,"column":45}},{"start":{"line":15,"column":48},"end":{"line":15,"column":54}}],"line":15},"2":{"loc":{"start":{"line":28,"column":9},"end":{"line":30,"column":22}},"type":"cond-expr","locations":[{"start":{"line":29,"column":7},"end":{"line":29,"column":28}},{"start":{"line":30,"column":7},"end":{"line":30,"column":21}}],"line":28},"3":{"loc":{"start":{"line":28,"column":10},"end":{"line":28,"column":91}},"type":"binary-expr","locations":[{"start":{"line":28,"column":10},"end":{"line":28,"column":27}},{"start":{"line":28,"column":31},"end":{"line":28,"column":48}},{"start":{"line":28,"column":52},"end":{"line":28,"column":69}},{"start":{"line":28,"column":73},"end":{"line":28,"column":91}}],"line":28},"4":{"loc":{"start":{"line":44,"column":19},"end":{"line":44,"column":55}},"type":"cond-expr","locations":[{"start":{"line":44,"column":37},"end":{"line":44,"column":38}},{"start":{"line":44,"column":41},"end":{"line":44,"column":55}}],"line":44},"5":{"loc":{"start":{"line":76,"column":17},"end":{"line":76,"column":31}},"type":"cond-expr","locations":[{"start":{"line":76,"column":26},"end":{"line":76,"column":27}},{"start":{"line":76,"column":30},"end":{"line":76,"column":31}}],"line":76},"6":{"loc":{"start":{"line":115,"column":17},"end":{"line":115,"column":42}},"type":"cond-expr","locations":[{"start":{"line":115,"column":37},"end":{"line":115,"column":38}},{"start":{"line":115,"column":41},"end":{"line":115,"column":42}}],"line":115}},"s":{"0":0,"1":0,"2":0,"3":0,"4":0,"5":0,"6":0,"7":0,"8":0,"9":0,"10":0,"11":0,"12":0,"13":0,"14":0,"15":0,"16":0,"17":0,"18":0,"19":0,"20":0,"21":0},"f":{"0":0,"1":0,"2":0,"3":0,"4":0,"5":0,"6":0,"7":0},"b":{"0":[0,0],"1":[0,0],"2":[0,0],"3":[0,0,0,0],"4":[0,0],"5":[0,0],"6":[0,0]},"_coverageSchema":"1a1c01bbd47fc00a2c39e90264f33305004495a9","hash":"96745b30d4f820270773b8db3168ef8c737a4d67"}
,"C:\\Users\\nuahry\\Desktop\\Softwaretesting_robotproject\\js\\.internal\\SetCache.js": {"path":"C:\\Users\\nuahry\\Desktop\\Softwaretesting_robotproject\\js\\.internal\\SetCache.js","statementMap":{"0":{"start":{"line":4,"column":23},"end":{"line":4,"column":50}},"1":{"start":{"line":16,"column":16},"end":{"line":16,"column":18}},"2":{"start":{"line":17,"column":19},"end":{"line":17,"column":53}},"3":{"start":{"line":19,"column":4},"end":{"line":19,"column":32}},"4":{"start":{"line":20,"column":4},"end":{"line":22,"column":5}},"5":{"start":{"line":21,"column":6},"end":{"line":21,"column":29}},"6":{"start":{"line":34,"column":4},"end":{"line":34,"column":44}},"7":{"start":{"line":35,"column":4},"end":{"line":35,"column":15}},"8":{"start":{"line":46,"column":4},"end":{"line":46,"column":35}},"9":{"start":{"line":50,"column":0},"end":{"line":50,"column":48}}},"fnMap":{"0":{"name":"(anonymous_0)","decl":{"start":{"line":15,"column":2},"end":{"line":15,"column":3}},"loc":{"start":{"line":15,"column":22},"end":{"line":23,"column":3}},"line":15},"1":{"name":"(anonymous_1)","decl":{"start":{"line":33,"column":2},"end":{"line":33,"column":3}},"loc":{"start":{"line":33,"column":13},"end":{"line":36,"column":3}},"line":33},"2":{"name":"(anonymous_2)","decl":{"start":{"line":45,"column":2},"end":{"line":45,"column":3}},"loc":{"start":{"line":45,"column":13},"end":{"line":47,"column":3}},"line":45}},"branchMap":{"0":{"loc":{"start":{"line":17,"column":19},"end":{"line":17,"column":53}},"type":"cond-expr","locations":[{"start":{"line":17,"column":36},"end":{"line":17,"column":37}},{"start":{"line":17,"column":40},"end":{"line":17,"column":53}}],"line":17}},"s":{"0":1,"1":0,"2":0,"3":0,"4":0,"5":0,"6":0,"7":0,"8":0,"9":1},"f":{"0":0,"1":0,"2":0},"b":{"0":[0,0]},"_coverageSchema":"1a1c01bbd47fc00a2c39e90264f33305004495a9","hash":"37f752fd4609ed4c49cf1d82c1f669533a24a595"}
,"C:\\Users\\nuahry\\Desktop\\Softwaretesting_robotproject\\js\\.internal\\arrayIncludes.js": {"path":"C:\\Users\\nuahry\\Desktop\\Softwaretesting_robotproject\\js\\.internal\\arrayIncludes.js","statementMap":{"0":{"start":{"line":13,"column":17},"end":{"line":13,"column":49}},"1":{"start":{"line":14,"column":2},"end":{"line":14,"column":54}}},"fnMap":{"0":{"name":"arrayIncludes","decl":{"start":{"line":12,"column":9},"end":{"line":12,"column":22}},"loc":{"start":{"line":12,"column":37},"end":{"line":15,"column":1}},"line":12}},"branchMap":{"0":{"loc":{"start":{"line":13,"column":17},"end":{"line":13,"column":49}},"type":"cond-expr","locations":[{"start":{"line":13,"column":33},"end":{"line":13,"column":34}},{"start":{"line":13,"column":37},"end":{"line":13,"column":49}}],"line":13},"1":{"loc":{"start":{"line":14,"column":9},"end":{"line":14,"column":54}},"type":"binary-expr","locations":[{"start":{"line":14,"column":9},"end":{"line":14,"column":17}},{"start":{"line":14,"column":21},"end":{"line":14,"column":54}}],"line":14}},"s":{"0":0,"1":0},"f":{"0":0},"b":{"0":[0,0],"1":[0,0]},"_coverageSchema":"1a1c01bbd47fc00a2c39e90264f33305004495a9","hash":"da62db628b82a843f4436e430e87770d64ce3ad8"}
,"C:\\Users\\nuahry\\Desktop\\Softwaretesting_robotproject\\js\\.internal\\arrayIncludesWith.js": {"path":"C:\\Users\\nuahry\\Desktop\\Softwaretesting_robotproject\\js\\.internal\\arrayIncludesWith.js","statementMap":{"0":{"start":{"line":11,"column":2},"end":{"line":13,"column":3}},"1":{"start":{"line":12,"column":4},"end":{"line":12,"column":16}},"2":{"start":{"line":15,"column":2},"end":{"line":19,"column":3}},"3":{"start":{"line":16,"column":4},"end":{"line":18,"column":5}},"4":{"start":{"line":17,"column":6},"end":{"line":17,"column":17}},"5":{"start":{"line":20,"column":2},"end":{"line":20,"column":14}}},"fnMap":{"0":{"name":"arrayIncludesWith","decl":{"start":{"line":10,"column":9},"end":{"line":10,"column":26}},"loc":{"start":{"line":10,"column":54},"end":{"line":21,"column":1}},"line":10}},"branchMap":{"0":{"loc":{"start":{"line":11,"column":2},"end":{"line":13,"column":3}},"type":"if","locations":[{"start":{"line":11,"column":2},"end":{"line":13,"column":3}},{"start":{},"end":{}}],"line":11},"1":{"loc":{"start":{"line":16,"column":4},"end":{"line":18,"column":5}},"type":"if","locations":[{"start":{"line":16,"column":4},"end":{"line":18,"column":5}},{"start":{},"end":{}}],"line":16}},"s":{"0":0,"1":0,"2":0,"3":0,"4":0,"5":0},"f":{"0":0},"b":{"0":[0,0],"1":[0,0]},"_coverageSchema":"1a1c01bbd47fc00a2c39e90264f33305004495a9","hash":"cc6495b36fc19857055ba746c0c12da93e1cde08"}
,"C:\\Users\\nuahry\\Desktop\\Softwaretesting_robotproject\\js\\.internal\\asciiToArray.js": {"path":"C:\\Users\\nuahry\\Desktop\\Softwaretesting_robotproject\\js\\.internal\\asciiToArray.js","statementMap":{"0":{"start":{"line":9,"column":2},"end":{"line":9,"column":25}}},"fnMap":{"0":{"name":"asciiToArray","decl":{"start":{"line":8,"column":9},"end":{"line":8,"column":21}},"loc":{"start":{"line":8,"column":30},"end":{"line":10,"column":1}},"line":8}},"branchMap":{},"s":{"0":0},"f":{"0":0},"b":{},"_coverageSchema":"1a1c01bbd47fc00a2c39e90264f33305004495a9","hash":"522627fbaf37bada7d08bf0b3c9a224834fcebc2"}
,"C:\\Users\\nuahry\\Desktop\\Softwaretesting_robotproject\\js\\.internal\\baseDifference.js": {"path":"C:\\Users\\nuahry\\Desktop\\Softwaretesting_robotproject\\js\\.internal\\baseDifference.js","statementMap":{"0":{"start":{"line":8,"column":25},"end":{"line":8,"column":28}},"1":{"start":{"line":22,"column":17},"end":{"line":22,"column":30}},"2":{"start":{"line":23,"column":17},"end":{"line":23,"column":21}},"3":{"start":{"line":24,"column":17},"end":{"line":24,"column":19}},"4":{"start":{"line":25,"column":23},"end":{"line":25,"column":36}},"5":{"start":{"line":27,"column":2},"end":{"line":29,"column":3}},"6":{"start":{"line":28,"column":4},"end":{"line":28,"column":17}},"7":{"start":{"line":30,"column":2},"end":{"line":32,"column":3}},"8":{"start":{"line":31,"column":4},"end":{"line":31,"column":52}},"9":{"start":{"line":31,"column":36},"end":{"line":31,"column":51}},"10":{"start":{"line":33,"column":2},"end":{"line":41,"column":3}},"11":{"start":{"line":34,"column":4},"end":{"line":34,"column":32}},"12":{"start":{"line":35,"column":4},"end":{"line":35,"column":20}},"13":{"start":{"line":37,"column":7},"end":{"line":41,"column":3}},"14":{"start":{"line":38,"column":4},"end":{"line":38,"column":23}},"15":{"start":{"line":39,"column":4},"end":{"line":39,"column":20}},"16":{"start":{"line":40,"column":4},"end":{"line":40,"column":33}},"17":{"start":{"line":42,"column":2},"end":{"line":59,"column":3}},"18":{"start":{"line":43,"column":2},"end":{"line":59,"column":3}},"19":{"start":{"line":44,"column":21},"end":{"line":44,"column":63}},"20":{"start":{"line":46,"column":4},"end":{"line":46,"column":51}},"21":{"start":{"line":47,"column":4},"end":{"line":58,"column":5}},"22":{"start":{"line":48,"column":24},"end":{"line":48,"column":36}},"23":{"start":{"line":49,"column":6},"end":{"line":53,"column":7}},"24":{"start":{"line":50,"column":8},"end":{"line":52,"column":9}},"25":{"start":{"line":51,"column":10},"end":{"line":51,"column":24}},"26":{"start":{"line":54,"column":6},"end":{"line":54,"column":24}},"27":{"start":{"line":56,"column":9},"end":{"line":58,"column":5}},"28":{"start":{"line":57,"column":6},"end":{"line":57,"column":24}},"29":{"start":{"line":60,"column":2},"end":{"line":60,"column":15}}},"fnMap":{"0":{"name":"baseDifference","decl":{"start":{"line":21,"column":9},"end":{"line":21,"column":23}},"loc":{"start":{"line":21,"column":61},"end":{"line":61,"column":1}},"line":21},"1":{"name":"(anonymous_1)","decl":{"start":{"line":31,"column":25},"end":{"line":31,"column":26}},"loc":{"start":{"line":31,"column":36},"end":{"line":31,"column":51}},"line":31}},"branchMap":{"0":{"loc":{"start":{"line":27,"column":2},"end":{"line":29,"column":3}},"type":"if","locations":[{"start":{"line":27,"column":2},"end":{"line":29,"column":3}},{"start":{},"end":{}}],"line":27},"1":{"loc":{"start":{"line":30,"column":2},"end":{"line":32,"column":3}},"type":"if","locations":[{"start":{"line":30,"column":2},"end":{"line":32,"column":3}},{"start":{},"end":{}}],"line":30},"2":{"loc":{"start":{"line":33,"column":2},"end":{"line":41,"column":3}},"type":"if","locations":[{"start":{"line":33,"column":2},"end":{"line":41,"column":3}},{"start":{"line":37,"column":7},"end":{"line":41,"column":3}}],"line":33},"3":{"loc":{"start":{"line":37,"column":7},"end":{"line":41,"column":3}},"type":"if","locations":[{"start":{"line":37,"column":7},"end":{"line":41,"column":3}},{"start":{},"end":{}}],"line":37},"4":{"loc":{"start":{"line":44,"column":21},"end":{"line":44,"column":63}},"type":"cond-expr","locations":[{"start":{"line":44,"column":40},"end":{"line":44,"column":45}},{"start":{"line":44,"column":48},"end":{"line":44,"column":63}}],"line":44},"5":{"loc":{"start":{"line":46,"column":12},"end":{"line":46,"column":51}},"type":"cond-expr","locations":[{"start":{"line":46,"column":42},"end":{"line":46,"column":47}},{"start":{"line":46,"column":50},"end":{"line":46,"column":51}}],"line":46},"6":{"loc":{"start":{"line":46,"column":13},"end":{"line":46,"column":38}},"type":"binary-expr","locations":[{"start":{"line":46,"column":13},"end":{"line":46,"column":23}},{"start":{"line":46,"column":27},"end":{"line":46,"column":38}}],"line":46},"7":{"loc":{"start":{"line":47,"column":4},"end":{"line":58,"column":5}},"type":"if","locations":[{"start":{"line":47,"column":4},"end":{"line":58,"column":5}},{"start":{"line":56,"column":9},"end":{"line":58,"column":5}}],"line":47},"8":{"loc":{"start":{"line":47,"column":8},"end":{"line":47,"column":41}},"type":"binary-expr","locations":[{"start":{"line":47,"column":8},"end":{"line":47,"column":16}},{"start":{"line":47,"column":20},"end":{"line":47,"column":41}}],"line":47},"9":{"loc":{"start":{"line":50,"column":8},"end":{"line":52,"column":9}},"type":"if","locations":[{"start":{"line":50,"column":8},"end":{"line":52,"column":9}},{"start":{},"end":{}}],"line":50},"10":{"loc":{"start":{"line":56,"column":9},"end":{"line":58,"column":5}},"type":"if","locations":[{"start":{"line":56,"column":9},"end":{"line":58,"column":5}},{"start":{},"end":{}}],"line":56}},"s":{"0":1,"1":1,"2":1,"3":1,"4":1,"5":1,"6":0,"7":1,"8":0,"9":0,"10":1,"11":0,"12":0,"13":1,"14":0,"15":0,"16":0,"17":1,"18":1,"19":2,"20":2,"21":2,"22":2,"23":2,"24":4,"25":1,"26":1,"27":0,"28":0,"29":1},"f":{"0":1,"1":0},"b":{"0":[0,1],"1":[0,1],"2":[0,1],"3":[0,1],"4":[2,0],"5":[2,0],"6":[2,2],"7":[2,0],"8":[2,2],"9":[1,3],"10":[0,0]},"_coverageSchema":"1a1c01bbd47fc00a2c39e90264f33305004495a9","hash":"ac708ff634b6059c570ca6e2a17745c06f1a97df"}
,"C:\\Users\\nuahry\\Desktop\\Softwaretesting_robotproject\\js\\.internal\\baseFindIndex.js": {"path":"C:\\Users\\nuahry\\Desktop\\Softwaretesting_robotproject\\js\\.internal\\baseFindIndex.js","statementMap":{"0":{"start":{"line":12,"column":21},"end":{"line":12,"column":26}},"1":{"start":{"line":13,"column":14},"end":{"line":13,"column":46}},"2":{"start":{"line":15,"column":2},"end":{"line":19,"column":3}},"3":{"start":{"line":16,"column":4},"end":{"line":18,"column":5}},"4":{"start":{"line":17,"column":6},"end":{"line":17,"column":18}},"5":{"start":{"line":20,"column":2},"end":{"line":20,"column":11}}},"fnMap":{"0":{"name":"baseFindIndex","decl":{"start":{"line":11,"column":9},"end":{"line":11,"column":22}},"loc":{"start":{"line":11,"column":63},"end":{"line":21,"column":1}},"line":11}},"branchMap":{"0":{"loc":{"start":{"line":13,"column":27},"end":{"line":13,"column":45}},"type":"cond-expr","locations":[{"start":{"line":13,"column":39},"end":{"line":13,"column":40}},{"start":{"line":13,"column":43},"end":{"line":13,"column":45}}],"line":13},"1":{"loc":{"start":{"line":15,"column":10},"end":{"line":15,"column":48}},"type":"cond-expr","locations":[{"start":{"line":15,"column":22},"end":{"line":15,"column":29}},{"start":{"line":15,"column":32},"end":{"line":15,"column":48}}],"line":15},"2":{"loc":{"start":{"line":16,"column":4},"end":{"line":18,"column":5}},"type":"if","locations":[{"start":{"line":16,"column":4},"end":{"line":18,"column":5}},{"start":{},"end":{}}],"line":16}},"s":{"0":0,"1":0,"2":0,"3":0,"4":0,"5":0},"f":{"0":0},"b":{"0":[0,0],"1":[0,0],"2":[0,0]},"_coverageSchema":"1a1c01bbd47fc00a2c39e90264f33305004495a9","hash":"55eb6f7a2de5c94ac960cae5556e5d55c8e7afe0"}
,"C:\\Users\\nuahry\\Desktop\\Softwaretesting_robotproject\\js\\.internal\\baseFlatten.js": {"path":"C:\\Users\\nuahry\\Desktop\\Softwaretesting_robotproject\\js\\.internal\\baseFlatten.js","statementMap":{"0":{"start":{"line":15,"column":2},"end":{"line":15,"column":42}},"1":{"start":{"line":16,"column":2},"end":{"line":16,"column":25}},"2":{"start":{"line":18,"column":2},"end":{"line":20,"column":3}},"3":{"start":{"line":19,"column":4},"end":{"line":19,"column":17}},"4":{"start":{"line":22,"column":2},"end":{"line":33,"column":3}},"5":{"start":{"line":23,"column":4},"end":{"line":32,"column":5}},"6":{"start":{"line":24,"column":6},"end":{"line":29,"column":7}},"7":{"start":{"line":26,"column":8},"end":{"line":26,"column":66}},"8":{"start":{"line":28,"column":8},"end":{"line":28,"column":29}},"9":{"start":{"line":30,"column":11},"end":{"line":32,"column":5}},"10":{"start":{"line":31,"column":6},"end":{"line":31,"column":35}},"11":{"start":{"line":34,"column":2},"end":{"line":34,"column":15}}},"fnMap":{"0":{"name":"baseFlatten","decl":{"start":{"line":14,"column":9},"end":{"line":14,"column":20}},"loc":{"start":{"line":14,"column":64},"end":{"line":35,"column":1}},"line":14}},"branchMap":{"0":{"loc":{"start":{"line":15,"column":2},"end":{"line":15,"column":42}},"type":"binary-expr","locations":[{"start":{"line":15,"column":2},"end":{"line":15,"column":11}},{"start":{"line":15,"column":16},"end":{"line":15,"column":41}}],"line":15},"1":{"loc":{"start":{"line":16,"column":2},"end":{"line":16,"column":25}},"type":"binary-expr","locations":[{"start":{"line":16,"column":2},"end":{"line":16,"column":8}},{"start":{"line":16,"column":13},"end":{"line":16,"column":24}}],"line":16},"2":{"loc":{"start":{"line":18,"column":2},"end":{"line":20,"column":3}},"type":"if","locations":[{"start":{"line":18,"column":2},"end":{"line":20,"column":3}},{"start":{},"end":{}}],"line":18},"3":{"loc":{"start":{"line":23,"column":4},"end":{"line":32,"column":5}},"type":"if","locations":[{"start":{"line":23,"column":4},"end":{"line":32,"column":5}},{"start":{"line":30,"column":11},"end":{"line":32,"column":5}}],"line":23},"4":{"loc":{"start":{"line":23,"column":8},"end":{"line":23,"column":37}},"type":"binary-expr","locations":[{"start":{"line":23,"column":8},"end":{"line":23,"column":17}},{"start":{"line":23,"column":21},"end":{"line":23,"column":37}}],"line":23},"5":{"loc":{"start":{"line":24,"column":6},"end":{"line":29,"column":7}},"type":"if","locations":[{"start":{"line":24,"column":6},"end":{"line":29,"column":7}},{"start":{"line":27,"column":13},"end":{"line":29,"column":7}}],"line":24},"6":{"loc":{"start":{"line":30,"column":11},"end":{"line":32,"column":5}},"type":"if","locations":[{"start":{"line":30,"column":11},"end":{"line":32,"column":5}},{"start":{},"end":{}}],"line":30}},"s":{"0":1,"1":1,"2":1,"3":0,"4":1,"5":1,"6":1,"7":0,"8":1,"9":0,"10":0,"11":1},"f":{"0":1},"b":{"0":[1,0],"1":[1,1],"2":[0,1],"3":[1,0],"4":[1,1],"5":[0,1],"6":[0,0]},"_coverageSchema":"1a1c01bbd47fc00a2c39e90264f33305004495a9","hash":"f4f3fab5bda6d4e063a1aac2f5431c399b44d514"}
,"C:\\Users\\nuahry\\Desktop\\Softwaretesting_robotproject\\js\\.internal\\baseIndexOf.js": {"path":"C:\\Users\\nuahry\\Desktop\\Softwaretesting_robotproject\\js\\.internal\\baseIndexOf.js","statementMap":{"0":{"start":{"line":15,"column":2},"end":{"line":17,"column":48}}},"fnMap":{"0":{"name":"baseIndexOf","decl":{"start":{"line":14,"column":9},"end":{"line":14,"column":20}},"loc":{"start":{"line":14,"column":46},"end":{"line":18,"column":1}},"line":14}},"branchMap":{"0":{"loc":{"start":{"line":15,"column":9},"end":{"line":17,"column":48}},"type":"cond-expr","locations":[{"start":{"line":16,"column":6},"end":{"line":16,"column":44}},{"start":{"line":17,"column":6},"end":{"line":17,"column":48}}],"line":15}},"s":{"0":0},"f":{"0":0},"b":{"0":[0,0]},"_coverageSchema":"1a1c01bbd47fc00a2c39e90264f33305004495a9","hash":"a1744b418445729f63d0722fe0d1fb5065f17f30"}
,"C:\\Users\\nuahry\\Desktop\\Softwaretesting_robotproject\\js\\.internal\\baseIsNaN.js": {"path":"C:\\Users\\nuahry\\Desktop\\Softwaretesting_robotproject\\js\\.internal\\baseIsNaN.js","statementMap":{"0":{"start":{"line":9,"column":2},"end":{"line":9,"column":24}}},"fnMap":{"0":{"name":"baseIsNaN","decl":{"start":{"line":8,"column":9},"end":{"line":8,"column":18}},"loc":{"start":{"line":8,"column":26},"end":{"line":10,"column":1}},"line":8}},"branchMap":{},"s":{"0":0},"f":{"0":0},"b":{},"_coverageSchema":"1a1c01bbd47fc00a2c39e90264f33305004495a9","hash":"6ade61fc113ec54367f599346de8b1486a4aa1c8"}
,"C:\\Users\\nuahry\\Desktop\\Softwaretesting_robotproject\\js\\.internal\\baseToNumber.js": {"path":"C:\\Users\\nuahry\\Desktop\\Softwaretesting_robotproject\\js\\.internal\\baseToNumber.js","statementMap":{"0":{"start":{"line":4,"column":12},"end":{"line":4,"column":17}},"1":{"start":{"line":15,"column":2},"end":{"line":17,"column":3}},"2":{"start":{"line":16,"column":4},"end":{"line":16,"column":16}},"3":{"start":{"line":18,"column":2},"end":{"line":20,"column":3}},"4":{"start":{"line":19,"column":4},"end":{"line":19,"column":14}},"5":{"start":{"line":21,"column":2},"end":{"line":21,"column":15}}},"fnMap":{"0":{"name":"baseToNumber","decl":{"start":{"line":14,"column":9},"end":{"line":14,"column":21}},"loc":{"start":{"line":14,"column":29},"end":{"line":22,"column":1}},"line":14}},"branchMap":{"0":{"loc":{"start":{"line":15,"column":2},"end":{"line":17,"column":3}},"type":"if","locations":[{"start":{"line":15,"column":2},"end":{"line":17,"column":3}},{"start":{},"end":{}}],"line":15},"1":{"loc":{"start":{"line":18,"column":2},"end":{"line":20,"column":3}},"type":"if","locations":[{"start":{"line":18,"column":2},"end":{"line":20,"column":3}},{"start":{},"end":{}}],"line":18}},"s":{"0":2,"1":4,"2":4,"3":0,"4":0,"5":0},"f":{"0":4},"b":{"0":[4,0],"1":[0,0]},"_coverageSchema":"1a1c01bbd47fc00a2c39e90264f33305004495a9","hash":"e51dbe764aa28e4d9b35553c35262028939cdd19"}
,"C:\\Users\\nuahry\\Desktop\\Softwaretesting_robotproject\\js\\.internal\\baseToString.js": {"path":"C:\\Users\\nuahry\\Desktop\\Softwaretesting_robotproject\\js\\.internal\\baseToString.js","statementMap":{"0":{"start":{"line":4,"column":17},"end":{"line":4,"column":22}},"1":{"start":{"line":7,"column":23},"end":{"line":7,"column":48}},"2":{"start":{"line":19,"column":2},"end":{"line":21,"column":3}},"3":{"start":{"line":20,"column":4},"end":{"line":20,"column":16}},"4":{"start":{"line":22,"column":2},"end":{"line":25,"column":3}},"5":{"start":{"line":24,"column":4},"end":{"line":24,"column":39}},"6":{"start":{"line":26,"column":2},"end":{"line":28,"column":3}},"7":{"start":{"line":27,"column":4},"end":{"line":27,"column":59}},"8":{"start":{"line":29,"column":17},"end":{"line":29,"column":27}},"9":{"start":{"line":30,"column":2},"end":{"line":30,"column":68}}},"fnMap":{"0":{"name":"baseToString","decl":{"start":{"line":17,"column":9},"end":{"line":17,"column":21}},"loc":{"start":{"line":17,"column":29},"end":{"line":31,"column":1}},"line":17}},"branchMap":{"0":{"loc":{"start":{"line":19,"column":2},"end":{"line":21,"column":3}},"type":"if","locations":[{"start":{"line":19,"column":2},"end":{"line":21,"column":3}},{"start":{},"end":{}}],"line":19},"1":{"loc":{"start":{"line":22,"column":2},"end":{"line":25,"column":3}},"type":"if","locations":[{"start":{"line":22,"column":2},"end":{"line":25,"column":3}},{"start":{},"end":{}}],"line":22},"2":{"loc":{"start":{"line":26,"column":2},"end":{"line":28,"column":3}},"type":"if","locations":[{"start":{"line":26,"column":2},"end":{"line":28,"column":3}},{"start":{},"end":{}}],"line":26},"3":{"loc":{"start":{"line":27,"column":11},"end":{"line":27,"column":59}},"type":"cond-expr","locations":[{"start":{"line":27,"column":28},"end":{"line":27,"column":54}},{"start":{"line":27,"column":57},"end":{"line":27,"column":59}}],"line":27},"4":{"loc":{"start":{"line":30,"column":9},"end":{"line":30,"column":68}},"type":"cond-expr","locations":[{"start":{"line":30,"column":55},"end":{"line":30,"column":59}},{"start":{"line":30,"column":62},"end":{"line":30,"column":68}}],"line":30},"5":{"loc":{"start":{"line":30,"column":10},"end":{"line":30,"column":51}},"type":"binary-expr","locations":[{"start":{"line":30,"column":10},"end":{"line":30,"column":23}},{"start":{"line":30,"column":27},"end":{"line":30,"column":51}}],"line":30}},"s":{"0":2,"1":2,"2":0,"3":0,"4":0,"5":0,"6":0,"7":0,"8":0,"9":0},"f":{"0":0},"b":{"0":[0,0],"1":[0,0],"2":[0,0],"3":[0,0],"4":[0,0],"5":[0,0]},"_coverageSchema":"1a1c01bbd47fc00a2c39e90264f33305004495a9","hash":"51e241ed8080a3839f54520559118649fcbb2734"}
,"C:\\Users\\nuahry\\Desktop\\Softwaretesting_robotproject\\js\\.internal\\cacheHas.js": {"path":"C:\\Users\\nuahry\\Desktop\\Softwaretesting_robotproject\\js\\.internal\\cacheHas.js","statementMap":{"0":{"start":{"line":10,"column":2},"end":{"line":10,"column":23}}},"fnMap":{"0":{"name":"cacheHas","decl":{"start":{"line":9,"column":9},"end":{"line":9,"column":17}},"loc":{"start":{"line":9,"column":30},"end":{"line":11,"column":1}},"line":9}},"branchMap":{},"s":{"0":0},"f":{"0":0},"b":{},"_coverageSchema":"1a1c01bbd47fc00a2c39e90264f33305004495a9","hash":"ca2ea967b6bc6586b7500cea7587d74b46f21d89"}
,"C:\\Users\\nuahry\\Desktop\\Softwaretesting_robotproject\\js\\.internal\\castSlice.js": {"path":"C:\\Users\\nuahry\\Desktop\\Softwaretesting_robotproject\\js\\.internal\\castSlice.js","statementMap":{"0":{"start":{"line":13,"column":21},"end":{"line":13,"column":26}},"1":{"start":{"line":14,"column":2},"end":{"line":14,"column":40}},"2":{"start":{"line":15,"column":2},"end":{"line":15,"column":69}}},"fnMap":{"0":{"name":"castSlice","decl":{"start":{"line":12,"column":9},"end":{"line":12,"column":18}},"loc":{"start":{"line":12,"column":38},"end":{"line":16,"column":1}},"line":12}},"branchMap":{"0":{"loc":{"start":{"line":14,"column":8},"end":{"line":14,"column":40}},"type":"cond-expr","locations":[{"start":{"line":14,"column":28},"end":{"line":14,"column":34}},{"start":{"line":14,"column":37},"end":{"line":14,"column":40}}],"line":14},"1":{"loc":{"start":{"line":15,"column":9},"end":{"line":15,"column":69}},"type":"cond-expr","locations":[{"start":{"line":15,"column":37},"end":{"line":15,"column":42}},{"start":{"line":15,"column":45},"end":{"line":15,"column":69}}],"line":15},"2":{"loc":{"start":{"line":15,"column":10},"end":{"line":15,"column":33}},"type":"binary-expr","locations":[{"start":{"line":15,"column":10},"end":{"line":15,"column":16}},{"start":{"line":15,"column":20},"end":{"line":15,"column":33}}],"line":15}},"s":{"0":0,"1":0,"2":0},"f":{"0":0},"b":{"0":[0,0],"1":[0,0],"2":[0,0]},"_coverageSchema":"1a1c01bbd47fc00a2c39e90264f33305004495a9","hash":"015c20a2af286e54e99587de2921356d8e5957dd"}
,"C:\\Users\\nuahry\\Desktop\\Softwaretesting_robotproject\\js\\.internal\\createCaseFirst.js": {"path":"C:\\Users\\nuahry\\Desktop\\Softwaretesting_robotproject\\js\\.internal\\createCaseFirst.js","statementMap":{"0":{"start":{"line":13,"column":2},"end":{"line":31,"column":3}},"1":{"start":{"line":14,"column":4},"end":{"line":16,"column":5}},"2":{"start":{"line":15,"column":6},"end":{"line":15,"column":15}},"3":{"start":{"line":18,"column":23},"end":{"line":20,"column":17}},"4":{"start":{"line":22,"column":16},"end":{"line":24,"column":17}},"5":{"start":{"line":26,"column":21},"end":{"line":28,"column":23}},"6":{"start":{"line":30,"column":4},"end":{"line":30,"column":39}}},"fnMap":{"0":{"name":"createCaseFirst","decl":{"start":{"line":12,"column":9},"end":{"line":12,"column":24}},"loc":{"start":{"line":12,"column":37},"end":{"line":32,"column":1}},"line":12},"1":{"name":"(anonymous_1)","decl":{"start":{"line":13,"column":9},"end":{"line":13,"column":10}},"loc":{"start":{"line":13,"column":21},"end":{"line":31,"column":3}},"line":13}},"branchMap":{"0":{"loc":{"start":{"line":14,"column":4},"end":{"line":16,"column":5}},"type":"if","locations":[{"start":{"line":14,"column":4},"end":{"line":16,"column":5}},{"start":{},"end":{}}],"line":14},"1":{"loc":{"start":{"line":18,"column":23},"end":{"line":20,"column":17}},"type":"cond-expr","locations":[{"start":{"line":19,"column":8},"end":{"line":19,"column":29}},{"start":{"line":20,"column":8},"end":{"line":20,"column":17}}],"line":18},"2":{"loc":{"start":{"line":22,"column":16},"end":{"line":24,"column":17}},"type":"cond-expr","locations":[{"start":{"line":23,"column":8},"end":{"line":23,"column":21}},{"start":{"line":24,"column":8},"end":{"line":24,"column":17}}],"line":22},"3":{"loc":{"start":{"line":26,"column":21},"end":{"line":28,"column":23}},"type":"cond-expr","locations":[{"start":{"line":27,"column":8},"end":{"line":27,"column":41}},{"start":{"line":28,"column":8},"end":{"line":28,"column":23}}],"line":26}},"s":{"0":2,"1":2,"2":0,"3":2,"4":2,"5":2,"6":2},"f":{"0":2,"1":2},"b":{"0":[0,2],"1":[0,2],"2":[0,2],"3":[0,2]},"_coverageSchema":"1a1c01bbd47fc00a2c39e90264f33305004495a9","hash":"39aee44d3866ef60bb77934988ed14c71ecd0d3d"}
,"C:\\Users\\nuahry\\Desktop\\Softwaretesting_robotproject\\js\\.internal\\createMathOperation.js": {"path":"C:\\Users\\nuahry\\Desktop\\Softwaretesting_robotproject\\js\\.internal\\createMathOperation.js","statementMap":{"0":{"start":{"line":13,"column":2},"end":{"line":32,"column":3}},"1":{"start":{"line":14,"column":4},"end":{"line":16,"column":5}},"2":{"start":{"line":15,"column":6},"end":{"line":15,"column":25}},"3":{"start":{"line":17,"column":4},"end":{"line":19,"column":5}},"4":{"start":{"line":18,"column":6},"end":{"line":18,"column":18}},"5":{"start":{"line":20,"column":4},"end":{"line":22,"column":5}},"6":{"start":{"line":21,"column":6},"end":{"line":21,"column":18}},"7":{"start":{"line":23,"column":4},"end":{"line":30,"column":5}},"8":{"start":{"line":24,"column":6},"end":{"line":24,"column":33}},"9":{"start":{"line":25,"column":6},"end":{"line":25,"column":33}},"10":{"start":{"line":28,"column":6},"end":{"line":28,"column":33}},"11":{"start":{"line":29,"column":6},"end":{"line":29,"column":33}},"12":{"start":{"line":31,"column":4},"end":{"line":31,"column":33}}},"fnMap":{"0":{"name":"createMathOperation","decl":{"start":{"line":12,"column":9},"end":{"line":12,"column":28}},"loc":{"start":{"line":12,"column":53},"end":{"line":33,"column":1}},"line":12},"1":{"name":"(anonymous_1)","decl":{"start":{"line":13,"column":9},"end":{"line":13,"column":10}},"loc":{"start":{"line":13,"column":27},"end":{"line":32,"column":3}},"line":13}},"branchMap":{"0":{"loc":{"start":{"line":14,"column":4},"end":{"line":16,"column":5}},"type":"if","locations":[{"start":{"line":14,"column":4},"end":{"line":16,"column":5}},{"start":{},"end":{}}],"line":14},"1":{"loc":{"start":{"line":14,"column":8},"end":{"line":14,"column":50}},"type":"binary-expr","locations":[{"start":{"line":14,"column":8},"end":{"line":14,"column":27}},{"start":{"line":14,"column":31},"end":{"line":14,"column":50}}],"line":14},"2":{"loc":{"start":{"line":17,"column":4},"end":{"line":19,"column":5}},"type":"if","locations":[{"start":{"line":17,"column":4},"end":{"line":19,"column":5}},{"start":{},"end":{}}],"line":17},"3":{"loc":{"start":{"line":17,"column":8},"end":{"line":17,"column":50}},"type":"binary-expr","locations":[{"start":{"line":17,"column":8},"end":{"line":17,"column":27}},{"start":{"line":17,"column":31},"end":{"line":17,"column":50}}],"line":17},"4":{"loc":{"start":{"line":20,"column":4},"end":{"line":22,"column":5}},"type":"if","locations":[{"start":{"line":20,"column":4},"end":{"line":22,"column":5}},{"start":{},"end":{}}],"line":20},"5":{"loc":{"start":{"line":20,"column":8},"end":{"line":20,"column":50}},"type":"binary-expr","locations":[{"start":{"line":20,"column":8},"end":{"line":20,"column":27}},{"start":{"line":20,"column":31},"end":{"line":20,"column":50}}],"line":20},"6":{"loc":{"start":{"line":23,"column":4},"end":{"line":30,"column":5}},"type":"if","locations":[{"start":{"line":23,"column":4},"end":{"line":30,"column":5}},{"start":{"line":27,"column":9},"end":{"line":30,"column":5}}],"line":23},"7":{"loc":{"start":{"line":23,"column":8},"end":{"line":23,"column":62}},"type":"binary-expr","locations":[{"start":{"line":23,"column":8},"end":{"line":23,"column":33}},{"start":{"line":23,"column":37},"end":{"line":23,"column":62}}],"line":23}},"s":{"0":2,"1":2,"2":0,"3":2,"4":0,"5":2,"6":0,"7":2,"8":0,"9":0,"10":2,"11":2,"12":2},"f":{"0":2,"1":2},"b":{"0":[0,2],"1":[2,0],"2":[0,2],"3":[2,2],"4":[0,2],"5":[2,2],"6":[0,2],"7":[2,2]},"_coverageSchema":"1a1c01bbd47fc00a2c39e90264f33305004495a9","hash":"4b6880619500bad745fde03cec773219e35d3f84"}
,"C:\\Users\\nuahry\\Desktop\\Softwaretesting_robotproject\\js\\.internal\\createRound.js": {"path":"C:\\Users\\nuahry\\Desktop\\Softwaretesting_robotproject\\js\\.internal\\createRound.js","statementMap":{"0":{"start":{"line":9,"column":15},"end":{"line":9,"column":31}},"1":{"start":{"line":10,"column":2},"end":{"line":22,"column":3}},"2":{"start":{"line":11,"column":4},"end":{"line":11,"column":111}},"3":{"start":{"line":12,"column":4},"end":{"line":20,"column":5}},"4":{"start":{"line":15,"column":17},"end":{"line":15,"column":40}},"5":{"start":{"line":16,"column":20},"end":{"line":16,"column":62}},"6":{"start":{"line":18,"column":6},"end":{"line":18,"column":35}},"7":{"start":{"line":19,"column":6},"end":{"line":19,"column":50}},"8":{"start":{"line":21,"column":4},"end":{"line":21,"column":23}}},"fnMap":{"0":{"name":"createRound","decl":{"start":{"line":8,"column":9},"end":{"line":8,"column":20}},"loc":{"start":{"line":8,"column":33},"end":{"line":23,"column":1}},"line":8},"1":{"name":"(anonymous_1)","decl":{"start":{"line":10,"column":9},"end":{"line":10,"column":10}},"loc":{"start":{"line":10,"column":32},"end":{"line":22,"column":3}},"line":10}},"branchMap":{"0":{"loc":{"start":{"line":11,"column":16},"end":{"line":11,"column":111}},"type":"cond-expr","locations":[{"start":{"line":11,"column":36},"end":{"line":11,"column":37}},{"start":{"line":11,"column":41},"end":{"line":11,"column":110}}],"line":11},"1":{"loc":{"start":{"line":11,"column":41},"end":{"line":11,"column":110}},"type":"cond-expr","locations":[{"start":{"line":11,"column":58},"end":{"line":11,"column":82}},{"start":{"line":11,"column":85},"end":{"line":11,"column":110}}],"line":11},"2":{"loc":{"start":{"line":12,"column":4},"end":{"line":20,"column":5}},"type":"if","locations":[{"start":{"line":12,"column":4},"end":{"line":20,"column":5}},{"start":{},"end":{}}],"line":12}},"s":{"0":1,"1":1,"2":1,"3":1,"4":0,"5":0,"6":0,"7":0,"8":1},"f":{"0":1,"1":1},"b":{"0":[1,0],"1":[0,0],"2":[0,1]},"_coverageSchema":"1a1c01bbd47fc00a2c39e90264f33305004495a9","hash":"2122e7b42894313e247774578eb43fe81b814c44"}
,"C:\\Users\\nuahry\\Desktop\\Softwaretesting_robotproject\\js\\.internal\\freeGlobal.js": {"path":"C:\\Users\\nuahry\\Desktop\\Softwaretesting_robotproject\\js\\.internal\\freeGlobal.js","statementMap":{"0":{"start":{"line":2,"column":19},"end":{"line":2,"column":102}}},"fnMap":{},"branchMap":{"0":{"loc":{"start":{"line":2,"column":19},"end":{"line":2,"column":102}},"type":"binary-expr","locations":[{"start":{"line":2,"column":19},"end":{"line":2,"column":45}},{"start":{"line":2,"column":49},"end":{"line":2,"column":64}},{"start":{"line":2,"column":68},"end":{"line":2,"column":92}},{"start":{"line":2,"column":96},"end":{"line":2,"column":102}}],"line":2}},"s":{"0":1},"f":{},"b":{"0":[1,1,1,1]},"_coverageSchema":"1a1c01bbd47fc00a2c39e90264f33305004495a9","hash":"f805695dad312afccc1e40edf664449920b3839b"}
,"C:\\Users\\nuahry\\Desktop\\Softwaretesting_robotproject\\js\\.internal\\getTag.js": {"path":"C:\\Users\\nuahry\\Desktop\\Softwaretesting_robotproject\\js\\.internal\\getTag.js","statementMap":{"0":{"start":{"line":1,"column":17},"end":{"line":1,"column":42}},"1":{"start":{"line":11,"column":2},"end":{"line":13,"column":3}},"2":{"start":{"line":12,"column":4},"end":{"line":12,"column":71}},"3":{"start":{"line":14,"column":2},"end":{"line":14,"column":29}}},"fnMap":{"0":{"name":"getTag","decl":{"start":{"line":10,"column":9},"end":{"line":10,"column":15}},"loc":{"start":{"line":10,"column":23},"end":{"line":15,"column":1}},"line":10}},"branchMap":{"0":{"loc":{"start":{"line":11,"column":2},"end":{"line":13,"column":3}},"type":"if","locations":[{"start":{"line":11,"column":2},"end":{"line":13,"column":3}},{"start":{},"end":{}}],"line":11},"1":{"loc":{"start":{"line":12,"column":11},"end":{"line":12,"column":71}},"type":"cond-expr","locations":[{"start":{"line":12,"column":33},"end":{"line":12,"column":53}},{"start":{"line":12,"column":56},"end":{"line":12,"column":71}}],"line":12}},"s":{"0":8,"1":0,"2":0,"3":0},"f":{"0":0},"b":{"0":[0,0],"1":[0,0]},"_coverageSchema":"1a1c01bbd47fc00a2c39e90264f33305004495a9","hash":"f980e5e6b903d14e3624d4141870a15b55a13910"}
,"C:\\Users\\nuahry\\Desktop\\Softwaretesting_robotproject\\js\\.internal\\hasUnicode.js": {"path":"C:\\Users\\nuahry\\Desktop\\Softwaretesting_robotproject\\js\\.internal\\hasUnicode.js","statementMap":{"0":{"start":{"line":2,"column":22},"end":{"line":2,"column":39}},"1":{"start":{"line":3,"column":26},"end":{"line":3,"column":43}},"2":{"start":{"line":4,"column":30},"end":{"line":4,"column":47}},"3":{"start":{"line":5,"column":28},"end":{"line":5,"column":45}},"4":{"start":{"line":6,"column":34},"end":{"line":6,"column":51}},"5":{"start":{"line":7,"column":36},"end":{"line":7,"column":53}},"6":{"start":{"line":8,"column":21},"end":{"line":8,"column":142}},"7":{"start":{"line":9,"column":19},"end":{"line":9,"column":35}},"8":{"start":{"line":12,"column":14},"end":{"line":12,"column":23}},"9":{"start":{"line":15,"column":21},"end":{"line":15,"column":85}},"10":{"start":{"line":25,"column":2},"end":{"line":25,"column":34}}},"fnMap":{"0":{"name":"hasUnicode","decl":{"start":{"line":24,"column":9},"end":{"line":24,"column":19}},"loc":{"start":{"line":24,"column":28},"end":{"line":26,"column":1}},"line":24}},"branchMap":{},"s":{"0":2,"1":2,"2":2,"3":2,"4":2,"5":2,"6":2,"7":2,"8":2,"9":2,"10":2},"f":{"0":2},"b":{},"_coverageSchema":"1a1c01bbd47fc00a2c39e90264f33305004495a9","hash":"0fe01174b58ec4e7b2cdb08f7b82c44dd99d7441"}
,"C:\\Users\\nuahry\\Desktop\\Softwaretesting_robotproject\\js\\.internal\\isFlattenable.js": {"path":"C:\\Users\\nuahry\\Desktop\\Softwaretesting_robotproject\\js\\.internal\\isFlattenable.js","statementMap":{"0":{"start":{"line":4,"column":25},"end":{"line":4,"column":50}},"1":{"start":{"line":14,"column":2},"end":{"line":15,"column":40}}},"fnMap":{"0":{"name":"isFlattenable","decl":{"start":{"line":13,"column":9},"end":{"line":13,"column":22}},"loc":{"start":{"line":13,"column":30},"end":{"line":16,"column":1}},"line":13}},"branchMap":{"0":{"loc":{"start":{"line":14,"column":9},"end":{"line":15,"column":40}},"type":"binary-expr","locations":[{"start":{"line":14,"column":9},"end":{"line":14,"column":29}},{"start":{"line":14,"column":33},"end":{"line":14,"column":51}},{"start":{"line":15,"column":4},"end":{"line":15,"column":40}}],"line":14},"1":{"loc":{"start":{"line":15,"column":7},"end":{"line":15,"column":39}},"type":"binary-expr","locations":[{"start":{"line":15,"column":7},"end":{"line":15,"column":12}},{"start":{"line":15,"column":16},"end":{"line":15,"column":39}}],"line":15}},"s":{"0":1,"1":0},"f":{"0":0},"b":{"0":[0,0,0],"1":[0,0]},"_coverageSchema":"1a1c01bbd47fc00a2c39e90264f33305004495a9","hash":"d1b9cfe5e7f8e526b3e98f8e1674973e0bcbae86"}
,"C:\\Users\\nuahry\\Desktop\\Softwaretesting_robotproject\\js\\.internal\\nodeTypes.js": {"path":"C:\\Users\\nuahry\\Desktop\\Softwaretesting_robotproject\\js\\.internal\\nodeTypes.js","statementMap":{"0":{"start":{"line":4,"column":20},"end":{"line":4,"column":99}},"1":{"start":{"line":7,"column":19},"end":{"line":7,"column":109}},"2":{"start":{"line":10,"column":22},"end":{"line":10,"column":70}},"3":{"start":{"line":13,"column":20},"end":{"line":13,"column":55}},"4":{"start":{"line":16,"column":19},"end":{"line":26,"column":4}},"5":{"start":{"line":17,"column":2},"end":{"line":25,"column":16}},"6":{"start":{"line":20,"column":24},"end":{"line":20,"column":92}},"7":{"start":{"line":21,"column":4},"end":{"line":24,"column":73}}},"fnMap":{"0":{"name":"(anonymous_0)","decl":{"start":{"line":16,"column":20},"end":{"line":16,"column":21}},"loc":{"start":{"line":16,"column":26},"end":{"line":26,"column":1}},"line":16}},"branchMap":{"0":{"loc":{"start":{"line":4,"column":20},"end":{"line":4,"column":99}},"type":"binary-expr","locations":[{"start":{"line":4,"column":20},"end":{"line":4,"column":47}},{"start":{"line":4,"column":51},"end":{"line":4,"column":67}},{"start":{"line":4,"column":71},"end":{"line":4,"column":88}},{"start":{"line":4,"column":92},"end":{"line":4,"column":99}}],"line":4},"1":{"loc":{"start":{"line":7,"column":19},"end":{"line":7,"column":109}},"type":"binary-expr","locations":[{"start":{"line":7,"column":19},"end":{"line":7,"column":30}},{"start":{"line":7,"column":34},"end":{"line":7,"column":60}},{"start":{"line":7,"column":64},"end":{"line":7,"column":79}},{"start":{"line":7,"column":83},"end":{"line":7,"column":99}},{"start":{"line":7,"column":103},"end":{"line":7,"column":109}}],"line":7},"2":{"loc":{"start":{"line":10,"column":22},"end":{"line":10,"column":70}},"type":"binary-expr","locations":[{"start":{"line":10,"column":22},"end":{"line":10,"column":32}},{"start":{"line":10,"column":36},"end":{"line":10,"column":70}}],"line":10},"3":{"loc":{"start":{"line":13,"column":20},"end":{"line":13,"column":55}},"type":"binary-expr","locations":[{"start":{"line":13,"column":20},"end":{"line":13,"column":33}},{"start":{"line":13,"column":37},"end":{"line":13,"column":55}}],"line":13},"4":{"loc":{"start":{"line":20,"column":24},"end":{"line":20,"column":92}},"type":"binary-expr","locations":[{"start":{"line":20,"column":24},"end":{"line":20,"column":34}},{"start":{"line":20,"column":38},"end":{"line":20,"column":56}},{"start":{"line":20,"column":60},"end":{"line":20,"column":92}}],"line":20},"5":{"loc":{"start":{"line":21,"column":11},"end":{"line":24,"column":73}},"type":"cond-expr","locations":[{"start":{"line":22,"column":8},"end":{"line":22,"column":19}},{"start":{"line":24,"column":8},"end":{"line":24,"column":73}}],"line":21},"6":{"loc":{"start":{"line":24,"column":8},"end":{"line":24,"column":73}},"type":"binary-expr","locations":[{"start":{"line":24,"column":8},"end":{"line":24,"column":19}},{"start":{"line":24,"column":23},"end":{"line":24,"column":42}},{"start":{"line":24,"column":46},"end":{"line":24,"column":73}}],"line":24}},"s":{"0":1,"1":1,"2":1,"3":1,"4":1,"5":1,"6":1,"7":1},"f":{"0":1},"b":{"0":[1,1,1,1],"1":[1,1,1,1,1],"2":[1,1],"3":[1,1],"4":[1,1,1],"5":[1,0],"6":[0,0,0]},"_coverageSchema":"1a1c01bbd47fc00a2c39e90264f33305004495a9","hash":"f423513d0514d68b055a6f1b9af7e1ae03400fd6"}
,"C:\\Users\\nuahry\\Desktop\\Softwaretesting_robotproject\\js\\.internal\\strictIndexOf.js": {"path":"C:\\Users\\nuahry\\Desktop\\Softwaretesting_robotproject\\js\\.internal\\strictIndexOf.js","statementMap":{"0":{"start":{"line":12,"column":14},"end":{"line":12,"column":27}},"1":{"start":{"line":13,"column":21},"end":{"line":13,"column":26}},"2":{"start":{"line":15,"column":2},"end":{"line":19,"column":3}},"3":{"start":{"line":16,"column":4},"end":{"line":18,"column":5}},"4":{"start":{"line":17,"column":6},"end":{"line":17,"column":18}},"5":{"start":{"line":20,"column":2},"end":{"line":20,"column":11}}},"fnMap":{"0":{"name":"strictIndexOf","decl":{"start":{"line":11,"column":9},"end":{"line":11,"column":22}},"loc":{"start":{"line":11,"column":48},"end":{"line":21,"column":1}},"line":11}},"branchMap":{"0":{"loc":{"start":{"line":16,"column":4},"end":{"line":18,"column":5}},"type":"if","locations":[{"start":{"line":16,"column":4},"end":{"line":18,"column":5}},{"start":{},"end":{}}],"line":16}},"s":{"0":0,"1":0,"2":0,"3":0,"4":0,"5":0},"f":{"0":0},"b":{"0":[0,0]},"_coverageSchema":"1a1c01bbd47fc00a2c39e90264f33305004495a9","hash":"5706b4bb7b09ad4d273fa27f69c27667330817ae"}
,"C:\\Users\\nuahry\\Desktop\\Softwaretesting_robotproject\\js\\.internal\\stringToArray.js": {"path":"C:\\Users\\nuahry\\Desktop\\Softwaretesting_robotproject\\js\\.internal\\stringToArray.js","statementMap":{"0":{"start":{"line":13,"column":2},"end":{"line":15,"column":26}}},"fnMap":{"0":{"name":"stringToArray","decl":{"start":{"line":12,"column":9},"end":{"line":12,"column":22}},"loc":{"start":{"line":12,"column":31},"end":{"line":16,"column":1}},"line":12}},"branchMap":{"0":{"loc":{"start":{"line":13,"column":9},"end":{"line":15,"column":26}},"type":"cond-expr","locations":[{"start":{"line":14,"column":6},"end":{"line":14,"column":28}},{"start":{"line":15,"column":6},"end":{"line":15,"column":26}}],"line":13}},"s":{"0":0},"f":{"0":0},"b":{"0":[0,0]},"_coverageSchema":"1a1c01bbd47fc00a2c39e90264f33305004495a9","hash":"ea7a97f9d64a88de7216ca19b0aceffd80f4a955"}
,"C:\\Users\\nuahry\\Desktop\\Softwaretesting_robotproject\\js\\.internal\\unicodeToArray.js": {"path":"C:\\Users\\nuahry\\Desktop\\Softwaretesting_robotproject\\js\\.internal\\unicodeToArray.js","statementMap":{"0":{"start":{"line":2,"column":22},"end":{"line":2,"column":39}},"1":{"start":{"line":3,"column":26},"end":{"line":3,"column":43}},"2":{"start":{"line":4,"column":30},"end":{"line":4,"column":47}},"3":{"start":{"line":5,"column":28},"end":{"line":5,"column":45}},"4":{"start":{"line":6,"column":34},"end":{"line":6,"column":51}},"5":{"start":{"line":7,"column":36},"end":{"line":7,"column":53}},"6":{"start":{"line":8,"column":21},"end":{"line":8,"column":142}},"7":{"start":{"line":9,"column":19},"end":{"line":9,"column":35}},"8":{"start":{"line":12,"column":17},"end":{"line":12,"column":37}},"9":{"start":{"line":13,"column":16},"end":{"line":13,"column":35}},"10":{"start":{"line":14,"column":15},"end":{"line":14,"column":41}},"11":{"start":{"line":15,"column":19},"end":{"line":15,"column":45}},"12":{"start":{"line":16,"column":20},"end":{"line":16,"column":41}},"13":{"start":{"line":17,"column":19},"end":{"line":17,"column":52}},"14":{"start":{"line":18,"column":19},"end":{"line":18,"column":55}},"15":{"start":{"line":19,"column":14},"end":{"line":19,"column":23}},"16":{"start":{"line":22,"column":17},"end":{"line":22,"column":33}},"17":{"start":{"line":23,"column":17},"end":{"line":23,"column":35}},"18":{"start":{"line":24,"column":18},"end":{"line":24,"column":109}},"19":{"start":{"line":25,"column":14},"end":{"line":25,"column":45}},"20":{"start":{"line":26,"column":25},"end":{"line":26,"column":52}},"21":{"start":{"line":27,"column":17},"end":{"line":27,"column":97}},"22":{"start":{"line":30,"column":18},"end":{"line":30,"column":75}},"23":{"start":{"line":40,"column":2},"end":{"line":40,"column":38}}},"fnMap":{"0":{"name":"unicodeToArray","decl":{"start":{"line":39,"column":9},"end":{"line":39,"column":23}},"loc":{"start":{"line":39,"column":32},"end":{"line":41,"column":1}},"line":39}},"branchMap":{"0":{"loc":{"start":{"line":40,"column":9},"end":{"line":40,"column":38}},"type":"binary-expr","locations":[{"start":{"line":40,"column":9},"end":{"line":40,"column":32}},{"start":{"line":40,"column":36},"end":{"line":40,"column":38}}],"line":40}},"s":{"0":2,"1":2,"2":2,"3":2,"4":2,"5":2,"6":2,"7":2,"8":2,"9":2,"10":2,"11":2,"12":2,"13":2,"14":2,"15":2,"16":2,"17":2,"18":2,"19":2,"20":2,"21":2,"22":2,"23":0},"f":{"0":0},"b":{"0":[0,0]},"_coverageSchema":"1a1c01bbd47fc00a2c39e90264f33305004495a9","hash":"7642463d2ca947252dca305dabfc88cc1201e3cb"}
,"C:\\Users\\nuahry\\Desktop\\Softwaretesting_robotproject\\js\\.internal\\unicodeWords.js": {"path":"C:\\Users\\nuahry\\Desktop\\Softwaretesting_robotproject\\js\\.internal\\unicodeWords.js","statementMap":{"0":{"start":{"line":2,"column":22},"end":{"line":2,"column":39}},"1":{"start":{"line":3,"column":26},"end":{"line":3,"column":43}},"2":{"start":{"line":4,"column":30},"end":{"line":4,"column":47}},"3":{"start":{"line":5,"column":28},"end":{"line":5,"column":45}},"4":{"start":{"line":6,"column":34},"end":{"line":6,"column":51}},"5":{"start":{"line":7,"column":36},"end":{"line":7,"column":53}},"6":{"start":{"line":8,"column":21},"end":{"line":8,"column":142}},"7":{"start":{"line":9,"column":23},"end":{"line":9,"column":40}},"8":{"start":{"line":10,"column":21},"end":{"line":10,"column":48}},"9":{"start":{"line":11,"column":22},"end":{"line":11,"column":44}},"10":{"start":{"line":12,"column":23},"end":{"line":12,"column":69}},"11":{"start":{"line":13,"column":27},"end":{"line":13,"column":44}},"12":{"start":{"line":14,"column":21},"end":{"line":14,"column":179}},"13":{"start":{"line":15,"column":21},"end":{"line":15,"column":48}},"14":{"start":{"line":16,"column":19},"end":{"line":16,"column":35}},"15":{"start":{"line":17,"column":21},"end":{"line":17,"column":87}},"16":{"start":{"line":20,"column":15},"end":{"line":20,"column":26}},"17":{"start":{"line":21,"column":16},"end":{"line":21,"column":35}},"18":{"start":{"line":22,"column":16},"end":{"line":22,"column":35}},"19":{"start":{"line":23,"column":16},"end":{"line":23,"column":21}},"20":{"start":{"line":24,"column":18},"end":{"line":24,"column":39}},"21":{"start":{"line":25,"column":16},"end":{"line":25,"column":35}},"22":{"start":{"line":26,"column":15},"end":{"line":26,"column":108}},"23":{"start":{"line":27,"column":15},"end":{"line":27,"column":41}},"24":{"start":{"line":28,"column":19},"end":{"line":28,"column":45}},"25":{"start":{"line":29,"column":20},"end":{"line":29,"column":41}},"26":{"start":{"line":30,"column":19},"end":{"line":30,"column":52}},"27":{"start":{"line":31,"column":19},"end":{"line":31,"column":55}},"28":{"start":{"line":32,"column":16},"end":{"line":32,"column":35}},"29":{"start":{"line":33,"column":14},"end":{"line":33,"column":23}},"30":{"start":{"line":36,"column":20},"end":{"line":36,"column":46}},"31":{"start":{"line":37,"column":20},"end":{"line":37,"column":46}},"32":{"start":{"line":38,"column":24},"end":{"line":38,"column":60}},"33":{"start":{"line":39,"column":24},"end":{"line":39,"column":60}},"34":{"start":{"line":40,"column":17},"end":{"line":40,"column":33}},"35":{"start":{"line":41,"column":17},"end":{"line":41,"column":35}},"36":{"start":{"line":42,"column":18},"end":{"line":42,"column":109}},"37":{"start":{"line":43,"column":19},"end":{"line":43,"column":69}},"38":{"start":{"line":44,"column":19},"end":{"line":44,"column":69}},"39":{"start":{"line":45,"column":14},"end":{"line":45,"column":45}},"40":{"start":{"line":46,"column":16},"end":{"line":46,"column":78}},"41":{"start":{"line":48,"column":23},"end":{"line":57,"column":17}},"42":{"start":{"line":67,"column":2},"end":{"line":67,"column":37}}},"fnMap":{"0":{"name":"unicodeWords","decl":{"start":{"line":66,"column":9},"end":{"line":66,"column":21}},"loc":{"start":{"line":66,"column":30},"end":{"line":68,"column":1}},"line":66}},"branchMap":{},"s":{"0":1,"1":1,"2":1,"3":1,"4":1,"5":1,"6":1,"7":1,"8":1,"9":1,"10":1,"11":1,"12":1,"13":1,"14":1,"15":1,"16":1,"17":1,"18":1,"19":1,"20":1,"21":1,"22":1,"23":1,"24":1,"25":1,"26":1,"27":1,"28":1,"29":1,"30":1,"31":1,"32":1,"33":1,"34":1,"35":1,"36":1,"37":1,"38":1,"39":1,"40":1,"41":1,"42":0},"f":{"0":0},"b":{},"_coverageSchema":"1a1c01bbd47fc00a2c39e90264f33305004495a9","hash":"d691246f5dfb49af1705d488222988d5b258993c"}
}
